32628996|Humans|C0086418|162188
32628996|Animals|C0003062|162188
32628996|Male|C0086582|162188
32628996|Female|C0086287|162188
32628996|Sex Differentiation|C0036874|161188
32628996|Estradiol|C0014912|45755
32628996|Gonads|C0018067|72708
32628996|Estrogens|C0014939|22953
32628996|Ovary|C0029939|4926
32628996|Feminization|C0015799|3142
32628996|Testis|C0039597|3028
32628996|SOX9 protein, human|C1569839|1939
32628996|SOX9 Transcription Factor|C0291784|1938
32628996|Fishes|C0016163|1376
32628996|Gonadal Steroid Hormones|C0036884|1087
32628996|Disorders of Sex Development|C0036875|360
32590948|Animals|C0003062|15061
32590948|Male|C0086582|15061
32590948|Female|C0086287|15061
32590948|Ducks|C0013268|5392
32590948|Gonads|C0018067|14061
32590948|Gene Expression Profiling|C0752248|4284
32590948|Ovary|C0029939|1500
32590948|Sex Differentiation|C0036874|1217
32590948|Testis|C0039597|958
32590948|Cell Differentiation|C0007589|582
32590948|Aquatic Organisms|C0596121|480
32590948|Gene Expression Regulation|C0017263|340
32497821|Animals|C0003062|70182
32497821|Male|C0086582|70182
32497821|Larva|C0023047|69182
32497821|Zebrafish|C0043457|68166
32497821|Ultraviolet Rays|C0041625|6701
32497821|dioxybenzone|C0058344|23751
32497821|Benzophenones|C0005077|23750
32497821|oxybenzone|C0069803|23645
32497821|Gene Expression Profiling|C0752248|7302
32497821|Transcriptome|C3178810|1393
32497821|AHR protein, human|C1312385|1279
32497821|Receptors, Aryl Hydrocarbon|C0052441|1278
32497821|Phenols|C0031428|856
32497821|Water Pollutants, Chemical|C0043054|796
32497821|Endocrine System|C0014136|752
32497821|Sex Differentiation|C0036874|555
32497821|Xenobiotics|C0043335|462
32497821|Estradiol|C0014912|418
32497821|Nervous System|C0027763|410
32497821|Estrogens|C0014939|389
32447491|Female|C0086287|88777
32447491|Male|C0086582|88777
32447491|Humans|C0086418|88777
32447491|Adult|C0001675|88777
32447491|Adolescent|C0205653|88777
32447491|Middle Aged|C0205847|1000
32447491|Aged|C0001792|1000
32447491|Testis|C0039597|19551
32447491|Comparative Genomic Hybridization|C0796358|9881
32447491|Sex Cord-Gonadal Stromal Tumors|C0206724|87777
32447491|Testicular Neoplasms|C0039590|55524
32447491|Chromosomes|C0008633|24543
32447491|Aneuploidy|C0002938|11562
32447491|Neoplasms, Germ Cell and Embryonal|C0027658|7779
32447491|Immunohistochemistry|C0021044|916
32447491|Chromosomes, Human, Pair 21|C0008664|711
32447491|Granulosa Cell Tumor|C0018206|692
32447491|Ovarian Neoplasms|C0919267|601
32447491|Spermatocytes|C0037863|539
32447491|Problem Solving|C0033211|333
32396908|Animals|C0003062|113459
32396908|Male|C0086582|113459
32396908|Female|C0086287|113459
32396908|Forkhead Box Protein L2|C2700208|112459
32396908|Turtles|C0041412|58778
32396908|DMRT1 protein|C0671186|10965
32396908|Sex Determination Processes|C0524972|10773
32396908|Gonads|C0018067|9862
32396908|SOX9 protein, human|C1569839|9691
32396908|SOX9 Transcription Factor|C0291784|9690
32396908|Sex Differentiation|C0036874|9384
32396908|Ovary|C0029939|3762
32396908|Testis|C0039597|2035
32396908|Temperature|C0039476|1566
32396908|Embryo, Nonmammalian|C0013940|1520
32396908|Gene Expression Regulation, Developmental|C0242718|1319
32396908|Biological Phenomena|C0005520|933
32396908|Amino Acid Sequence|C0002518|376
32396908|Fluorescent Antibody Technique|C0016318|368
32389707|Animals|C0003062|66514
32389707|Humans|C0086418|66514
32389707|Female|C0086287|66514
32389707|Male|C0086582|66514
32389707|RNA, Messenger|C0035696|65514
32389707|Transcriptome|C3178810|49656
32389707|Turtles|C0041412|32166
32389707|RNA, Untranslated|C0887909|59121
32389707|RNA, Long Noncoding|C3494264|10137
32389707|Sex Characteristics|C0036866|9174
32389707|MicroRNAs|C1101610|6045
32389707|Gene Expression Profiling|C0752248|4823
32389707|Gene Regulatory Networks|C1720950|3207
32389707|Sex Differentiation|C0036874|2522
32389707|Gene Ontology|C1138831|2514
32389707|RNA, Circular|C0073432|1675
32389707|Asian Continental Ancestry Group|C1257906|1080
32389707|Gonads|C0018067|888
32389707|Up-Regulation|C0041904|500
32388872|Animals|C0003062|41824
32388872|Female|C0086287|41824
32388872|Male|C0086582|41824
32388872|Ovary|C0029939|33623
32388872|11-ketotestosterone|C0044759|33197
32388872|isinglass|C0063897|11226
32388872|Receptors, Gonadotropin|C0034812|40824
32388872|Testosterone|C0039601|33196
32388872|Forkhead Box Protein L2|C2700208|16911
32388872|Gelatin|C0017237|11225
32388872|Receptors, FSH|C0034806|4761
32388872|Fishes|C0016163|2736
32388872|Sex Differentiation|C0036874|2409
32388872|Oocytes|C0029045|1030
32376450|Animals|C0003062|33940
32376450|Male|C0086582|33940
32376450|Female|C0086287|33940
32376450|DNA Methylation|C0376452|32940
32376450|CpG Islands|C0282523|7052
32376450|Gonads|C0018067|6816
32376450|hydrogen sulfite|C0063088|5495
32376450|Sulfites|C0038750|5494
32376450|Epigenesis, Genetic|C1257873|3650
32376450|Genome|C0017428|1630
32376450|Whole Genome Sequencing|C3640076|1629
32376450|Gene Expression Profiling|C0752248|703
32376450|Gene Expression|C0017262|652
32376450|Perciformes|C0030983|618
32376450|Color|C0009393|171
32282145|Humans|C0086418|2000
32268081|Male|C0086582|129359
32268081|Animals|C0003062|129359
32268081|Chick Embryo|C0008046|129359
32268081|Sex Differentiation|C0036874|128359
32268081|Chickens|C0008051|37765
32268081|Transcriptome|C3178810|8332
32268081|Gonads|C0018067|56886
32268081|Sex Determination Processes|C0524972|3932
32268081|Embryo, Mammalian|C1956416|1701
32268081|Testis|C0039597|1213
32268081|Gene Expression Regulation, Developmental|C0242718|882
32268081|Computational Biology|C0376528|780
32268081|Transcription Factors|C0040648|685
32268081|Problem Solving|C0033211|333
32268081|Vertebrates|C0042567|279
32652904|Male|C0086582|235900
32652904|Middle Aged|C0205847|235900
32652904|Humans|C0086418|235900
32652904|Adult|C0001675|235900
32652904|Female|C0086287|235900
32652904|Cytoreduction Surgical Procedures|C3850079|234900
32652904|Peritoneal Neoplasms|C0031149|29353
32652904|Retrospective Studies|C0035363|16044
32652904|Cohort Studies|C0009247|15104
32652904|Hyperthermia, Induced|C0020548|91434
32652904|Peritoneum|C0031153|22578
32652904|Combined Modality Therapy|C0009429|1661
32652904|Colorectal Neoplasms|C0009404|1627
32652904|Health Care Costs|C0085552|1080
32652904|Peritoneal Diseases|C0031142|248
32652903|Adult|C0001675|81811
32652903|Humans|C0086418|81811
32652903|Female|C0086287|81811
32652903|Diabetes Mellitus, Type 1|C0011854|80811
32652903|Insulin Infusion Systems|C0021648|19927
32652903|Blood Glucose|C0005802|9328
32652903|Blood Glucose Self-Monitoring|C0005803|8535
32652903|Hypoglycemia|C0020615|6757
32652903|Running|C0035953|6726
32652903|Hypoglycemic Agents|C0020616|4662
32652903|Insulin|C0021641|4575
32652903|Exercise|C0015259|1198
32652903|Hyperglycemia|C0020456|361
32652903|Fear|C0015726|111
32652902|Oils, Volatile|C0028910|87291
32652902|Anti-Bacterial Agents|C0279516|15162
32652902|Microbial Sensitivity Tests|C0025948|15053
32652902|Polypodiaceae|C0949968|7671
32652902|Plant Oils|C0032085|4574
32652902|Staphylococcus aureus|C0038172|3706
32652902|Terpenes|C0039561|2099
32652902|Boron|C0006030|2076
32652902|Gas Chromatography-Mass Spectrometry|C0024868|1264
32652902|Phytol|C0031860|1109
32652902|nonanal|C0132768|817
32652902|Aldehydes|C0001992|816
32652901|Middle Aged|C0205847|199345
32652901|Male|C0086582|199345
32652901|Humans|C0086418|199345
32652901|Female|C0086287|199345
32652901|Blood Pressure|C0005823|198345
32652901|Quality of Life|C0034380|23034
32652901|Hypertension|C0020538|141213
32652901|Antihypertensive Agents|C0003364|42374
32652901|Blood Pressure Determination|C0005824|32514
32652901|Medication Adherence|C2364172|5114
32652901|Risk Factors|C0035648|983
32652901|Visual Analog Scale|C3536884|983
32652901|Counseling|C0010210|220
32652900|Male|C0086582|119688
32652900|Humans|C0086418|119688
32652900|Female|C0086287|119688
32652900|Middle Aged|C0205847|119688
32652900|Cardiac Resynchronization Therapy|C1167956|118688
32652900|Stroke Volume|C0038455|7288
32652900|Retrospective Studies|C0035363|5617
32652900|Ventricular Function, Left|C0080310|357
32652900|Diabetes Mellitus|C0011849|6687
32652900|Heart Failure|C0018801|5738
32652900|Defibrillators, Implantable|C0162589|1626
32652899|Humans|C0086418|131673
32652899|MSTN protein, human|C0538238|130673
32652899|Myostatin|C1457899|130672
32652899|Diabetes Mellitus, Type 1|C0011854|16391
32652899|Muscular Atrophy|C0026846|6128
32652899|Muscle, Skeletal|C0242692|2937
32652899|Cachexia|C0006625|863
32652899|Diagnostic Tests, Routine|C0011930|345
32652898|Humans|C0086418|231989
32652898|Coronavirus|C0206419|230989
32652898|COVID-19|C5203670|213139
32652898|severe acute respiratory syndrome coronavirus 2|C5203676|1
32652898|Pandemics|C1615608|213138
32652898|Coronavirus Infections|C0206750|191687
32652898|Aerosols|C1112870|9354
32652898|Severe Acute Respiratory Syndrome|C1175175|6219
32652898|SARS Virus|C1175743|4972
32652898|Air Microbiology|C0001867|1760
32652898|Infection Control|C0085557|1030
32652898|Infectious Disease Transmission, Patient-to-Professional|C0206229|857
32652898|Exhalation|C0231800|128
32652897|Animals|C0003062|41482
32652897|Scyphozoa|C0036475|11551
32652897|Ctenophora|C0999736|10850
32652897|RNA, Ribosomal, 16S|C0035702|6398
32652897|Microbiota|C3887843|40482
32652897|Quorum Sensing|C1154599|6067
32652897|Bacteria|C0004611|4401
32652897|Acyl-Butyrolactones|C1956037|4304
32652897|N-octanoylhomoserine lactone|C0292288|2109
32652897|Homoserine|C0019892|2108
32652897|Seawater|C0036499|1528
32652897|homoserine lactone|C0257136|1191
32652897|4-Butyrolactone|C0000481|1190
32652897|Lactones|C0022947|514
32652897|Cnidaria|C0009222|172
32652896|Mice|C0026809|32748
32652896|Animals|C0003062|32748
32652896|Female|C0086287|32748
32652896|Autoimmunity|C0004368|31748
32652896|Curcumin|C0010467|12703
32652896|Lupus Erythematosus, Systemic|C0024141|29034
32652896|Kidney|C0022646|16029
32652896|Hypertension|C0020538|8121
32652896|Blood Pressure|C0005823|4074
32652896|Kidney Diseases|C0022658|1467
32652896|Albuminuria|C0001925|1463
32652896|Immunosuppressive Agents|C0021081|886
32652896|Disease Models, Animal|C0012644|438
32652896|Antioxidants|C0003402|263
32652895|Humans|C0086418|50731
32652895|Histiocytoma, Malignant Fibrous|C0334463|49731
32652895|Sarcoma|C1261473|4169
32652895|Soft Tissue Neoplasms|C0037579|2549
32652895|Mandible|C0024687|282
32652895|Vimentin|C0042666|134
32652895|Biomarkers|C0005516|34
32645918|Male|C0086582|40009
32645918|Humans|C0086418|40009
32645918|Female|C0086287|40009
32645918|Carotid Intima-Media Thickness|C1960466|11968
32645918|Prediabetic State|C0362046|9207
32645918|Prospective Studies|C0033522|3186
32645918|Carotid Artery Diseases|C0007273|39009
32645918|Atherosclerosis|C0004153|3764
32645918|Cohort Studies|C0009247|870
32645918|Ultrasonography|C0041618|345
32645918|Plaque, Atherosclerotic|C2936350|298
32645918|Continental Population Groups|C1257911|261
32645918|Risk Factors|C0035648|253
32645918|Prevalence|C0033105|98
32645888|Humans|C0086418|159671
32645888|Thymine|C0040087|158671
32645888|Cytosine|C0010843|88994
32645888|Guanine|C0018321|72803
32645888|Myotonic Dystrophy|C0027126|47054
32645888|Trinucleotide Repeat Expansion|C0524894|2274
32645888|Trinucleotide Repeats|C0282537|1265
32645888|Health Services|C0018747|195
32645888|Research Design|C0035171|129
32640991|Humans|C0086418|68362
32640991|Secondary Care|C3494402|67362
32640991|Cross-Sectional Studies|C0010362|7914
32640991|Spain|C0037747|3558
32640991|Physicians|C0031831|10155
32640991|Government Programs|C0018106|3276
32640991|Primary Health Care|C0033137|1261
32640991|Research Personnel|C0035173|1212
32640991|Attitude of Health Personnel|C0004272|805
32640991|Medical Assistance|C0025070|774
32640991|Qualitative Research|C0949415|222
32640991|Surveys and Questionnaires|C4042892|131
32635473|Mice|C0026809|13516
32635473|Humans|C0086418|13516
32635473|Animals|C0003062|13516
32635473|Neoplasm Recurrence, Local|C0027643|1000
32635473|Carcinoma, Pancreatic Ductal|C0887833|12516
32635473|Neoplastic Stem Cells|C1956421|11850
32635473|Pancreatic Carcinoma|C0235974|10217
32635473|Pancreatic Neoplasms|C0030297|10216
32635473|Pancreas|C0030274|4509
32635473|Xenograft Model Antitumor Assays|C0917891|731
32635473|Intracellular Membranes|C0021868|654
32635473|Lysosomes|C0024369|618
32635473|Gene Expression Regulation, Neoplastic|C0017268|377
32635473|Biomarkers, Tumor|C0041366|344
32635473|Disease Models, Animal|C0012644|143
32635473|Cell Transformation, Neoplastic|C0007621|100
32607644|Male|C0086582|929126
32607644|Humans|C0086418|929126
32607644|Female|C0086287|929126
32607644|carbidopa, levodopa drug combination|C0353697|928126
32607644|Levodopa|C0023570|928125
32607644|Parkinson Disease|C0030567|215836
32607644|Double-Blind Method|C0013072|53607
32607644|Carbidopa|C0006982|454900
32607644|Antiparkinson Agents|C0003405|62031
32607644|Drug Combinations|C0013162|1238
32607644|Administration, Oral|C0001563|948
32607644|Gels|C0017243|602
32607644|Cognition|C0009240|1000
32605302|Middle Aged|C0205847|99091
32605302|Humans|C0086418|99091
32605302|Male|C0086582|99091
32605302|Female|C0086287|99091
32605302|Colorectal Neoplasms|C0009404|98091
32605302|NEUROG1 protein, human|C0537839|54352
32605302|Basic Helix-Loop-Helix Transcription Factors|C0288972|54351
32605302|Nerve Tissue Proteins|C0027759|34059
32605302|Occult Blood|C0028792|18863
32605302|Early Detection of Cancer|C2607925|13841
32605302|Colonic Neoplasms|C0009375|10587
32605302|CpG Islands|C0282523|4691
32605302|Biomarkers, Tumor|C0041366|3704
32605302|DNA Methylation|C0376452|3090
32605302|Sensitivity and Specificity|C0036668|2625
32605302|Feces|C0015733|1907
32605302|Promoter Regions, Genetic|C0033413|1009
32605302|Cohort Studies|C0009247|960
32605302|Case-Control Studies|C0007328|692
32605302|Protein Processing, Post-Translational|C0033666|681
32605302|Adenoma|C0001430|999
32575903|Humans|C0086418|13214
32575903|Bile|C0005388|12214
32575903|Constriction, Pathologic|C1261287|1403
32575903|Proteomics|C0872252|1267
32575903|Adenocarcinoma|C0001418|1178
32575903|Pancreatic Carcinoma|C0235974|513
32575903|Pancreatic Neoplasms|C0030297|512
32575903|Cholangiocarcinoma|C0206698|2450
32575903|Bile Duct Neoplasms|C0005396|1500
32575903|Cholangiopancreatography, Endoscopic Retrograde|C0008310|767
32575903|Machine Learning|C0376284|423
32575903|Cholestasis, Extrahepatic|C0005398|137
32575903|Bile Ducts, Intrahepatic|C0005401|1000
32560448|Female|C0086287|254794
32560448|Adult|C0001675|254794
32560448|Male|C0086582|254794
32560448|Middle Aged|C0205847|254794
32560448|Humans|C0086418|254794
32560448|Adiposity|C1563743|253794
32560448|Glycogen Storage Disease Type V|C0017924|33027
32560448|Obesity|C0028754|72024
32560448|Life Style|C0023676|39042
32560448|Sex Characteristics|C0036866|12426
32560448|Body Mass Index|C1305855|12379
32560448|Absorptiometry, Photon|C0000853|11485
32560448|Adipose Tissue|C0001527|7175
32560448|Body Composition|C0005885|3814
32560448|Exercise|C0015259|2331
32545680|Mice|C0026809|11879
32545680|Humans|C0086418|11879
32545680|Animals|C0003062|11879
32545680|fragile histidine triad protein|C0390347|10879
32545680|Acid Anhydride Hydrolases|C0206235|10878
32545680|Neoplasm Proteins|C0027642|4269
32545680|Histocompatibility Antigens Class I|C0019629|2041
32545680|Transfection|C0040669|1962
32545680|Antigen Presentation|C0206431|773
32545680|Antigens, Neoplasm|C0003335|716
32545680|Genes, MHC Class I|C0017355|576
32545680|T-Lymphocytes, Cytotoxic|C0039195|509
32545680|Vaccines|C0042210|462
32545680|Cell Line, Tumor|C0085983|413
32545680|Cell Count|C0007584|216
32545680|Oncogenes|C0029016|206
32545680|Immunotherapy|C0021083|191
32526941|Humans|C0086418|6343
32526941|Diabetic Nephropathies|C0011881|5343
32526941|Epigenesis, Genetic|C1257873|2382
32526941|Acetylation|C0001038|2329
32526941|DNA Methylation|C0376452|2054
32526941|Histones|C0019652|1367
32526941|Protein Processing, Post-Translational|C0033666|916
32526941|apabetalone|C4520219|503
32526941|Quinazolinones|C1720912|502
32526941|Sodium-Glucose Transporter 2 Inhibitors|C3273807|181
32526941|Gene Expression Regulation|C0017263|178
32526941|Protein Domains|C1514562|111
32526941|Diabetes Mellitus|C0011849|1000
32646556|Humans|C0086418|163871
32646556|Female|C0086287|163871
32646556|Cone-Rod Dystrophies|C4085590|162871
32646556|Retinitis Pigmentosa|C0035334|73242
32646556|Retinal Cone Photoreceptor Cells|C0206428|67506
32646556|Fundus Oculi|C0016823|47052
32646556|Lipofuscin|C0023789|3104
32646556|Ophthalmoscopy|C0029090|2386
32646556|Pigment Epithelium of Eye|C0031907|683
32646556|Gastric Fundus|C0017129|153
32622311|Humans|C0086418|149257
32622311|Glioma|C0017638|148257
32622311|Isocitrate Dehydrogenase|C0022157|17292
32622311|Brain Neoplasms|C0006118|10221
32622311|Up-Regulation|C0041904|7695
32622311|Transcriptional Activation|C0162493|6438
32622311|Neural Stem Cells|C1113654|3189
32622311|Mutation|C0026882|2115
32622311|Biomarkers|C0005516|1212
32622311|Codon|C0009221|389
32622311|CD24 protein, human|C1506119|1000
32622311|CD24 Antigen|C0054948|1000
32554499|Humans|C0086418|2530
32554499|Nerve Regeneration|C0027756|732
32554499|Axons|C0004461|314
32554499|Stem Cells|C0038250|1530
32554499|Peripheral Nerve Injuries|C0262593|1212
32554499|Sciatic Nerve|C0036394|428
32554499|Biomarkers|C0005516|345
32554499|Neurons|C0027882|197
32554499|Gene Expression Regulation|C0017263|173
32534057|Humans|C0086418|10016
32534057|Male|C0086582|10016
32534057|Female|C0086287|10016
32534057|Child|C0008059|1000
32534057|Stargardt Disease|C0271093|9016
32534057|Asian Continental Ancestry Group|C1257906|6216
32534057|Macular Degeneration|C0024437|5027
32534057|Genetic Association Studies|C2717878|1470
32534057|Pedigree|C0030761|1326
32534057|Retinal Dystrophies|C0854723|1192
32534057|ATP-Binding Cassette Transporters|C0242738|750
32534057|Mutation|C0026882|718
32534057|High-Throughput Nucleotide Sequencing|C2936621|621
32534057|Genes, Regulator|C0017362|376
32534057|BEST1 protein, human|C1447690|1000
32534057|Bestrophins|C4505273|1000
32460847|Humans|C0086418|8195
32460847|Human Embryonic Stem Cells|C1171346|7195
32460847|Teratoma|C0039538|2766
32460847|AC133 Antigen|C0673028|2740
32460847|Glycoproteins|C0017968|1489
32460847|Antigens, CD|C0003322|1420
32460847|Neoplastic Stem Cells|C1956421|1161
32460847|Peptides|C0030956|477
32460847|Pluripotent Stem Cells|C0872076|396
32460847|RNA, Messenger|C0035696|271
32460847|Glycosylation|C0017982|246
32460847|Blastocyst|C1281743|155
32460847|Biomarkers|C0005516|123
32460847|Cell Proliferation|C0596290|1000
32423767|Humans|C0086418|25141
32423767|Retinal Diseases|C0035309|24141
32423767|Retina|C0035298|16245
32423767|Cohort Studies|C0009247|1824
32423767|Retinitis Pigmentosa|C0035334|928
32423767|Pedigree|C0030761|538
32423767|Eye Proteins|C0015416|475
32423767|Genotype|C0017431|212
32423767|High-Throughput Nucleotide Sequencing|C2936621|208
32423767|Mutation|C0026882|171
32423767|United Kingdom|C0041700|6
32401642|Pregnancy|C0032961|9673
32401642|Female|C0086287|9673
32401642|Humans|C0086418|9673
32401642|Autophagy|C0004391|8673
32401642|Endometrium|C0014180|1446
32401642|Homeostasis|C0019868|276
32401642|Endometrial Neoplasms|C0014170|264
32347296|Child|C0008059|11053
32347296|Humans|C0086418|11053
32347296|Child, Preschool|C0008100|11053
32347296|Female|C0086287|11053
32347296|Precursor Cell Lymphoblastic Leukemia-Lymphoma|C1961102|7209
32347296|Myeloid-Lymphoid Leukemia Protein|C1571619|5160
32347296|Genes, Regulator|C0017362|1975
32347296|Gene Expression Regulation, Leukemic|C0017267|1526
32347296|Gene Rearrangement|C0017287|1314
32347296|Oncogene Proteins, Fusion|C0029014|1074
32347296|Histone-Lysine N-Methyltransferase|C0033641|1006
32347296|Biochemical Phenomena|C0005474|207
32347296|Gene Ontology|C1138831|187
32347296|HOXA10 protein, human|C1334038|1000
32347296|Homeobox A10 Proteins|C4760174|1000
32347296|FUT4 protein, human|C1429589|1000
32347296|Fucosyltransferases|C0016790|1000
32242051|Child|C0008059|10186
32242051|Humans|C0086418|10186
32242051|Infant|C0021270|10186
32242051|Child, Preschool|C0008100|10186
32242051|Neoplastic Stem Cells|C1956421|9186
32242051|Promoter Regions, Genetic|C0033413|7683
32242051|Myeloid-Lymphoid Leukemia Protein|C1571619|6913
32242051|Regulatory Sequences, Nucleic Acid|C0034987|3357
32242051|AC133 Antigen|C0673028|2560
32242051|Oncogene Proteins, Fusion|C0029014|2315
32242051|Genes, Regulator|C0017362|2289
32242051|Gene Expression Regulation, Leukemic|C0017267|1419
32242051|Biomarkers|C0005516|1344
32242051|Cell Line, Tumor|C0085983|969
32242051|Precursor Cell Lymphoblastic Leukemia-Lymphoma|C1961102|711
32242051|Methylation|C0025723|672
32242051|Hematologic Tests|C0018941|627
32242051|Cell Proliferation|C0596290|597
32242051|MLL-AF4 fusion protein, human|C1504772|1000
32242051|PROM1 protein, human|C4308078|1000
32222998|Humans|C0086418|16999
32222998|Organoids|C0029250|6611
32222998|Biliary Tract|C0005423|15999
32222998|Bile Ducts, Extrahepatic|C0206187|2826
32222998|Bile Ducts, Intrahepatic|C0005401|2086
32222998|Liver|C0023884|1176
32222998|Epithelial Cells|C0014597|139
32550557|Humans|C0086418|4269
32550557|Mesenchymal Stem Cells|C1257975|3269
32550557|Thy-1 Antigens|C0076570|993
32550557|Cell Differentiation|C0007589|910
32550557|Fibroblasts|C0016030|745
32550557|NT5E protein, human|C2932861|613
32550557|5'-Nucleotidase|C0000530|612
32550557|Cells, Cultured|C0007635|519
32550557|Cell- and Tissue-Based Therapy|C3658313|494
32550557|Flow Cytometry|C0016263|379
32550557|Biomarkers|C0005516|231
32550557|GPI-Linked Proteins|C2936531|119
32383290|Humans|C0086418|159817
32383290|Male|C0086582|159817
32383290|Semen|C2756969|158817
32383290|Proteomics|C0872252|44325
32383290|Spermatozoa|C0037868|81903
32383290|Seminal Vesicles|C0036628|16239
32383290|Sperm Motility|C0037848|7608
32383290|Epididymis|C0014533|5768
32383290|Extracellular Vesicles|C3894683|5733
32383290|Fertility|C0015895|4581
32383290|Membranes|C0025255|1686
32383290|Cell Membrane|C0007603|1137
32383290|Membrane Proteins|C0025252|155
32383290|LY6K protein, human|C2003478|1000
32383290|Antigens, Ly|C0003334|1000
32383290|GPI-Linked Proteins|C2936531|1000
32367296|Male|C0086582|231091
32367296|Humans|C0086418|231091
32367296|Subarachnoid Hemorrhage|C0038525|230091
32367296|Intracranial Aneurysm|C0007766|173004
32367296|Exome|C3178814|14820
32367296|Risk Factors|C0035648|578
32367296|Whole Exome Sequencing|C3640077|33
31817673|Humans|C0086418|46391
31817673|Female|C0086287|46391
31817673|Triple Negative Breast Neoplasms|C3539878|45391
31817673|Neoplastic Processes|C0027671|6285
31817673|MicroRNAs|C1101610|3759
31817673|Gene Expression Regulation, Neoplastic|C0017268|2207
31817673|Cell Proliferation|C0596290|1008
31817673|Cell Movement|C1621968|839
31817673|Down-Regulation|C0013081|760
31817673|MCF-7 Cells|C0596890|605
31817673|Cell Line, Tumor|C0085983|543
31817673|Oncogenes|C0029016|294
31817673|MIRN137 microRNA, human|C2744183|1000
31358619|Animals|C0003062|32030
31358619|Female|C0086287|32030
31358619|Biomineralization|C4553888|27881
31358619|Egg Shell|C0013702|8445
31358619|MFGE8 protein, human|C0388561|31030
31358619|Milk Proteins|C0026138|31029
31358619|Antigens, Surface|C0003339|30390
31358619|Glycoproteins|C0017968|5181
31358619|Avian Proteins|C0950107|1460
31358619|Chickens|C0008051|1291
31358619|Calcification, Physiologic|C0006660|1283
31358619|Eggs|C0013710|471
31358619|Blister|C0005758|402
31358619|Choristoma|C0008519|369
31358619|Proteomics|C0872252|309
31358619|Minerals|C0026162|159
31330520|Humans|C0086418|488201
31330520|Female|C0086287|488201
31330520|Tamoxifen|C0039286|487201
31330520|Antineoplastic Agents, Hormonal|C0282559|10955
31330520|MCF-7 Cells|C0596890|3131
31330520|Drug Resistance, Neoplasm|C0282588|2782
31330520|Gene Expression Regulation, Neoplastic|C0017268|1022
31330520|Cell Line, Tumor|C0085983|874
31330520|Cell Proliferation|C0596290|535
31330520|Rare Diseases|C0678236|417
31110935|Mice|C0026809|13170
31110935|Humans|C0086418|13170
31110935|Animals|C0003062|13170
31110935|Female|C0086287|13170
31110935|Osteogenesis|C0029433|12170
31110935|Myeloid-Derived Suppressor Cells|C4277543|1226
31110935|Osteoclasts|C0029431|1977
31110935|Myeloid Cells|C0887899|513
31110935|Cell Line, Tumor|C0085983|303
31110935|Myelopoiesis|C0525006|285
31110935|EDIL3 protein, human|C1449113|1000
31110935|Carrier Proteins|C0007292|1000
30961491|Humans|C0086418|12391
30961491|Female|C0086287|12391
30961491|Endometrial Neoplasms|C0014170|11391
30961491|Neovascularization, Pathologic|C0027686|323
30961491|Carrier Proteins|C0007292|312
30961491|Biomarkers, Tumor|C0041366|245
30961491|Gene Expression Regulation, Neoplastic|C0017268|239
30961491|Extracellular Matrix Proteins|C0079323|140
30961491|Tumor Microenvironment|C2936626|118
30961491|EDIL3 protein, human|C1449113|1000
30885428|Humans|C0086418|3142
30885428|Immunologic Factors|C0021054|2142
30885428|Inflammation|C0021368|1209
30885428|Periodontitis|C0031099|803
30885428|Phagocytosis|C0031308|753
30885428|Leukocytes|C0023516|672
30885428|Neutrophils|C0027950|474
30885428|Integrins|C0021701|430
30885428|Carrier Proteins|C0007292|137
10973260|Humans|C0086418|218205
10973260|Female|C0086287|218205
10973260|MYH9-Related Disorders|C1854520|199535
10973260|Myosin Heavy Chains|C0027100|27580
10973260|Giant Platelet Syndrome with Thrombocytopenia|C1842035|217205
10973260|Thrombocytopenia|C0040034|217204
10973260|Hearing Loss, Sensorineural|C0018784|199232
10973260|Mutation|C0026882|16581
10973260|Molecular Motor Proteins|C1720835|13374
10973260|Blood Platelet Disorders|C0005818|10994
10973260|Genes, Dominant|C0017342|6663
10973260|Blood Platelets|C0005821|6293
10973260|Phenotype|C0031437|2706
10973260|Cytoskeletal Proteins|C0010852|2415
10973260|Syndrome|C0039082|2364
10973260|Pedigree|C0030761|1993
10973260|Genotype|C0017431|1462
10973260|Hematologic Tests|C0018941|1425
10973260|Amino Acid Sequence|C0002518|1100
10973260|Leukocytes|C0023516|777
8862525|Dictyostelium|C0012120|4830
8862525|Myosins|C0027096|60999
8862525|Actins|C0001271|2085
8862525|Phenotype|C0031437|493
8862525|Mutagenesis|C0079866|447
8862525|Amino Acid Sequence|C0002518|317
8862525|Binding Sites|C0005456|304
8862525|Mutation|C0026882|274
8862525|Protein Binding|C0033618|224
8862525|Mutagenesis, Site-Directed|C0079870|193
8862525|Models, Molecular|C0026344|159
8862525|Catalytic Domain|C0600499|153
8862525|Point Mutation|C0162735|148
8089177|Animals|C0003062|207728
8089177|Rabbits|C3887509|207728
8089177|ezrin|C0059973|206622
8089177|Actins|C0001271|118486
8089177|radixin|C0139903|206728
8089177|Cytoskeletal Proteins|C0010852|206727
8089177|Protein Binding|C0033618|20796
8089177|moesin|C0128818|19719
8089177|Microfilament Proteins|C0025978|19718
8089177|Cytoskeleton|C0010853|15625
8089177|Binding Sites|C0005456|6052
8089177|Phosphoproteins|C0031689|4318
8089177|Amino Acid Sequence|C0002518|2668
8089177|Cell Membrane|C0007603|2656
8089177|Neurofibromin 2|C0254123|1294
8089177|Microtubules|C0026046|1064
8089177|Actin Capping Proteins|C0101367|641
8089177|Sequence Homology|C0162775|520
32545533|Humans|C0086418|64159
32545533|Transgenes|C0282641|63159
32545533|Dependovirus|C0001417|21115
32545533|Eye|C0015392|7137
32545533|Genetic Vectors|C0017397|4756
32545533|Genetic Therapy|C3489705|3278
32545533|Face|C0015450|774
32545533|Capsid Proteins|C1136102|614
32545533|Plasmids|C0032136|610
32545533|Terminal Repeat Sequences|C0039551|585
32545533|Biological Assay|C0005507|306
32545533|Promoter Regions, Genetic|C0033413|193
32487038|Animals|C0003062|56246
32487038|Middle Aged|C0205847|56246
32487038|Humans|C0086418|56246
32487038|Male|C0086582|56246
32487038|Radium-223|C0303282|55246
32487038|Prostatic Neoplasms|C0033578|14568
32487038|Crows|C0326391|6483
32487038|Androgen Antagonists|C0002842|5882
32487038|Neoplasm Recurrence, Local|C0027643|1000
32487038|Radium|C0034625|55245
32487038|radium Ra 223 dichloride|C3541342|48952
32487038|Radioisotopes|C0034595|3462
32487038|Radiosurgery|C0085203|1430
32487038|Progression-Free Survival|C0242792|1056
32487038|Radiopharmaceuticals|C0182638|474
32377352|United States|C0041703|6094
32377352|Centers for Medicare and Medicaid Services, U.S.|C0041718|497
32377352|Cytoplasm|C0010834|5094
32377352|Plant Infertility|C1565660|2462
32377352|Fertility|C0015895|909
32377352|Health Services|C0018747|195
32377352|Raphanus|C0330515|194
32377352|Pollen|C0032385|144
32377352|Replantation|C0035139|81
32272846|Humans|C0086418|55268
32272846|Mitral Valve Insufficiency|C0026266|54268
32272846|Myocytes, Cardiac|C0225828|4705
32272846|Heart Valve Diseases|C0018824|3874
32272846|Heart Defects, Congenital|C0018798|1758
32272846|Ventricular Dysfunction, Left|C0242698|1660
32272846|Hypertrophy|C0020564|840
32272846|Heart Failure|C0018801|455
32164628|Humans|C0086418|2729
32164628|South Africa|C0037712|1729
32164628|Anti-HIV Agents|C0376565|1461
32164628|Prisons|C0033168|1087
32164628|HIV Infections|C0019693|897
32164628|Prisoners|C0033167|853
32150534|Mice|C0026809|4957
32150534|Animals|C0003062|4957
32150534|Cone-Rod Dystrophies|C4085590|3957
32150534|Ventricular Remodeling|C0600519|1404
32150534|NES protein, human|C3711758|1075
32150534|Nestin|C0068575|1074
32150534|Spinal Cord|C0037925|700
32150534|Cerebral Ventricles|C0007799|585
32150534|Neuroglia|C0027836|273
32150534|Astrocytes|C0004112|253
32150534|Heart Ventricles|C0018827|160
32150534|Down-Regulation|C0013081|75
32051522|Pregnancy|C0032961|22655
32051522|Male|C0086582|22655
32051522|Humans|C0086418|22655
32051522|Female|C0086287|22655
32051522|Cystic Kidney Disease with Ventriculomegaly|C1857423|21655
32051522|Preimplantation Diagnosis|C0086142|12502
32051522|Hydrocephalus|C0020255|9474
32051522|Polycystic Kidney Diseases|C0022680|7161
32051522|Nervous System Malformations|C0497552|2337
32051522|Genetic Testing|C0679560|2301
32051522|Prenatal Diagnosis|C0033053|1399
32051522|Mutation|C0026882|1031
32051522|Nephrosis, congenital|C3501848|981
32051522|Nephrotic Syndrome|C0027726|980
32051522|Phenotype|C0031437|687
32051522|Pedigree|C0030761|575
32051522|Amniotic Fluid|C0002638|363
32051522|Genetic Counseling|C0017382|298
31795518|Infant, Newborn|C0021289|10420
31795518|Humans|C0086418|10420
31795518|Retina|C0035298|9420
31795518|Organogenesis|C0242290|4425
31795518|Retinal Degeneration|C0035304|2199
31795518|Eye Proteins|C0015416|1597
31795518|Leber Congenital Amaurosis|C0339527|1181
31795518|Cell Polarity|C0085304|1142
31795518|Nerve Tissue Proteins|C0027759|999
31795518|Membrane Proteins|C0025252|826
31795518|Drosophila Proteins|C0949989|628
31795518|Organoids|C0029250|314
31795518|Signal Transduction|C0037083|295
31795518|Fetus|C0015965|279
31795518|Human Embryonic Stem Cells|C1171346|267
31795518|Stem Cells|C0038250|183
31718797|Mice|C0026809|26165
31718797|Humans|C0086418|26165
31718797|Animals|C0003062|26165
31718797|Vascular Endothelial Growth Factor A|C0078058|3688
31718797|Endothelial Cells|C0225336|3465
31718797|TYRP1 protein, human|C1455498|25165
31718797|Membrane Glycoproteins|C0025248|25164
31718797|Retina|C0035298|23805
31718797|Amaurosis congenita of Leber, type 1|C2931258|12035
31718797|Leber Congenital Amaurosis|C0339527|12034
31718797|Membrane Proteins|C0025252|3179
31718797|Eye Diseases|C0015397|1155
31718797|IgA receptor|C0063344|958
31718797|Nerve Tissue Proteins|C0027759|563
31718797|Mutation|C0026882|353
31681427|Animals|C0003062|34225
31681427|Transcriptome|C3178810|28379
31681427|Chickens|C0008051|27451
31681427|Ecotype|C3178911|12563
31681427|Kenya|C0022558|5540
31681427|Altitude|C0002349|4858
31681427|Heat-Shock Response|C0282498|33225
31681427|Heat Stress Disorders|C0282507|9834
31681427|Muscle, Skeletal|C0242692|8328
31681427|Biological Phenomena|C0005520|3093
31681427|Gene Expression Profiling|C0752248|2252
31681427|Sequence Analysis, RNA|C0162803|2037
31681427|Heart|C0018787|1902
31681427|Drug Tolerance|C0013220|1830
31681427|Gene Regulatory Networks|C1720950|1404
31681427|Immune Tolerance|C0020963|1113
31681427|Hot Temperature|C2350229|341
8905149|Computers|C0009622|3702
8905149|Sequence Alignment|C0080143|3520
8905149|Databases, Protein|C0872249|2394
8905149|Algorithms|C0002045|1346
8905149|Software|C0037585|1287
8905149|Sequence Analysis|C0162801|989
8905149|Amino Acid Sequence|C0002518|830
8905149|Probability|C0033204|139
8905149|Open Reading Frames|C0079941|45
32627857|Pregnancy|C0032961|33742
32627857|Humans|C0086418|33742
32627857|Female|C0086287|33742
32627857|Prospective Studies|C0033522|8798
32627857|Exome|C3178814|4388
32627857|Diagnostic Tests, Routine|C0011930|4157
32627857|Ultrasonography, Prenatal|C0080265|32742
32627857|Whole Exome Sequencing|C3640077|31104
32627857|Abnormalities, Multiple|C0000772|13593
32627857|Fetus|C0015965|3947
32627857|Prenatal Diagnosis|C0033053|2271
32627857|Genetic Testing|C0679560|739
32627857|Prenatal Care|C0033052|227
32625235|Humans|C0086418|231433
32625235|Male|C0086582|231433
32625235|Female|C0086287|231433
32625235|Adult|C0001675|231433
32625235|CHARGE Syndrome|C0265354|230433
32625235|Phenotype|C0031437|39384
32625235|Genotype|C0017431|29535
32625235|Genetic Testing|C0679560|19452
32625235|Mutation|C0026882|4817
32625235|DNA Helicases|C0920283|3595
32625235|Coloboma|C0009363|2351
32625235|Heart Defects, Congenital|C0018798|1579
32625235|DNA-Binding Proteins|C0012940|932
32625235|Whole Exome Sequencing|C3640077|386
32625235|CHD7 protein, human|C1504861|1000
32611869|Infant, Newborn|C0021289|141833
32611869|Humans|C0086418|141833
32611869|Female|C0086287|141833
32611869|CHARGE Syndrome|C0265354|140833
32611869|Choanal Atresia|C0008297|24250
32611869|Nipples|C0028109|6928
32611869|Nose|C0028429|6583
32611869|Coloboma|C0009363|2592
32611869|DNA Helicases|C0920283|1913
32611869|Mutation|C0026882|1278
32611869|Phenotype|C0031437|643
32611869|DNA-Binding Proteins|C0012940|453
32611869|Genetic Testing|C0679560|119
32573075|Male|C0086582|13818
32573075|Humans|C0086418|13818
32573075|Kallmann Syndrome|C0162809|12818
32573075|DNA Helicases|C0920283|7458
32573075|Hypogonadism|C0020619|4632
32573075|Asian Continental Ancestry Group|C1257906|2805
32573075|Mutation|C0026882|762
32573075|ACTH Deficiency, Isolated|C0271583|615
32573075|Endocrine System Diseases|C0014130|614
32573075|DNA-Binding Proteins|C0012940|519
32573075|Infertility, Male|C0021364|335
32573075|Adrenocorticotropic Hormone|C0001655|14
32573075|Hypoglycemia|C0020615|44
32573075|CHD7 protein, human|C1504861|1000
32509017|Humans|C0086418|47769
32509017|Female|C0086287|47769
32509017|Infant|C0021270|1000
32509017|CHARGE Syndrome|C0265354|46769
32509017|Agnathia-microstomia-synotia|C2931718|9797
32509017|Jaw Abnormalities|C0022360|9796
32509017|Marcus Gunn phenomenon|C0266521|5345
32509017|Blepharoptosis|C0005745|5344
32509017|Reflex, Abnormal|C0034933|888
32509017|DNA Helicases|C0920283|739
32509017|Nervous System Diseases|C0027765|500
32509017|Mutation|C0026882|497
32509017|Heart Defects, Congenital|C0018798|464
32509017|Multiple Pterygium Syndrome, Autosomal Dominant|C1867440|115
32509017|Arthrogryposis|C0003886|114
32509017|Microstomia|C0026034|114
32509017|Ear, External|C0013453|17
32502225|Pregnancy|C0032961|146927
32502225|Female|C0086287|146927
32502225|Mice|C0026809|146927
32502225|Humans|C0086418|146927
32502225|Infant, Newborn|C0021289|146927
32502225|Animals|C0003062|146927
32502225|Esophageal atresia with or without tracheoesophageal fistula|C1861028|106676
32502225|Esophageal Atresia|C0014850|106675
32502225|Exome|C3178814|12710
32502225|Trichorhinophalangeal Syndrome, Type I|C0432233|145927
32502225|Langer-Giedion Syndrome|C0023003|145926
32502225|Tracheoesophageal Fistula|C0040588|63548
32502225|Hair Diseases|C0018500|41997
32502225|Nose|C0028429|21420
32502225|Fingers|C0016129|19860
32502225|Parturition|C0005615|88
32502225|Prevalence|C0033105|68
32502225|TRPS1 protein, human|C1430964|1000
32502225|DNA-Binding Proteins|C0012940|1000
32502225|Transcription Factors|C0040648|1000
32502225|ZFHX3 protein, human|C1447137|1000
32502225|Homeodomain Proteins|C0242617|1000
32502225|CHD7 protein, human|C1504861|1000
32502225|DNA Helicases|C0920283|1000
32493418|Male|C0086582|26291
32493418|Female|C0086287|26291
32493418|Humans|C0086418|26291
32493418|Adult|C0001675|26291
32493418|Autism Spectrum Disorder|C1510586|25291
32493418|Cross-Sectional Studies|C0010362|5041
32493418|CHARGE Syndrome|C0265354|4030
32493418|Autistic Disorder|C0004352|3241
32493418|Diagnostic and Statistical Manual of Mental Disorders|C1136324|2971
32493418|Problem Behavior|C0233514|1501
32493418|Checklist|C1707357|184
32493418|Risk Factors|C0035648|94
32477919|Infant, Newborn|C0021289|24918
32477919|Male|C0086582|24918
32477919|Humans|C0086418|24918
32477919|CHARGE Syndrome|C0265354|23918
32477919|DNA Helicases|C0920283|140
32477919|Asian Continental Ancestry Group|C1257906|129
32477919|DNA-Binding Proteins|C0012940|60