32604166|Child|C0008059|48533
32604166|Infant, Newborn|C0021289|48533
32604166|Animals|C0003062|48533
32604166|Child, Preschool|C0008100|48533
32604166|Male|C0086582|48533
32604166|Humans|C0086418|48533
32604166|Hirschsprung Disease|C0019569|47533
32604166|CALB2 protein, human|C3711669|24555
32604166|Calbindin 2|C0054544|24554
32604166|Ganglia, Invertebrate|C0206432|1380
32604166|Rectum|C0034896|1307
32604166|Enteric Nervous System|C0206111|1115
32604166|Biopsy|C0005558|1018
32604166|Acetylcholinesterase|C0001044|199
32604166|Neurons|C0027882|174
32604166|Transcription Factors|C0040648|108
32604166|Suction|C0038638|83
32604166|Histocytochemistry|C0019635|62
32604166|Neural Stem Cells|C1113654|38
32604166|Ganglia, Parasympathetic|C0017069|30
32594197|Mice|C0026809|26273
32594197|Animals|C0003062|26273
32594197|Humans|C0086418|26273
32594197|Male|C0086582|26273
32594197|Vaccines, DNA|C0376613|25273
32594197|Polyethyleneimine|C0032486|16340
32594197|Salmonella enterica|C0445750|10132
32594197|Neoplasm Recurrence, Local|C0027643|1000
32594197|Neuroblastoma|C0027819|7509
32594197|BIRC5 protein, human|C1571495|1369
32594197|Survivin|C0664336|1368
32594197|Disease Models, Animal|C0012644|1053
32594197|Tyrosine 3-Monooxygenase|C0041491|660
32594197|Immunity, Cellular|C0020966|534
32594197|Vaccination|C0042196|505
32594197|Immunization|C0020971|392
32594197|Salmonella Vaccines|C0597420|292
32590454|Humans|C0086418|29312
32590454|DNA Nucleotidylexotransferase|C0012881|28312
32590454|Paraffin Embedding|C0085185|2037
32590454|Cytoplasm|C0010834|4611
32590454|Cytosol|C1383501|3060
32590454|DNA-Directed DNA Polymerase|C0012892|2316
32590454|Immunohistochemistry|C0021044|777
32590454|Neoplasms|C0027651|463
32590454|Cell Nucleus|C0007610|423
32590454|Lymphoma, Non-Hodgkin|C0024305|415
32590454|Diffusion|C0012222|408
32590454|Immunoenzyme Techniques|C0021002|259
32590454|Coloring Agents|C1566391|183
32590454|Formaldehyde|C0016564|151
32590454|PAX5 Transcription Factor|C0167636|111
32497400|Humans|C0086418|51250
32497400|Rats|C0034721|51250
32497400|Animals|C0003062|51250
32497400|Male|C0086582|51250
32497400|Parkinson Disease|C0030567|11350
32497400|Rats, Wistar|C0034716|7556
32497400|Proteomics|C0872252|6253
32497400|Parkinsonian Disorders|C0242422|43326
32497400|Respiration|C0035203|20667
32497400|Transcription Factors|C0040648|13254
32497400|Neurons|C0027882|11892
32497400|Substantia Nigra|C0038590|8995
32497400|Cell Nucleus|C0007610|8931
32497400|Respiratory Center|C0035216|8664
32497400|Oxidopamine|C0085196|4061
32497400|Corpus Striatum|C0010097|2878
32497400|Homeodomain Proteins|C0242617|2264
32497400|Respiratory Rate|C0231832|1294
32497400|Hypercapnia|C0020440|1205
32468398|Humans|C0086418|79603
32468398|Male|C0086582|79603
32468398|Locus Coeruleus|C0023951|78603
32468398|Transcription Factors|C0040648|11841
32468398|Congenital central hypoventilation syndrome|C1275808|8979
32468398|Sleep Apnea, Central|C0520680|8978
32468398|Hypoventilation|C3203358|7114
32468398|Homeodomain Proteins|C0242617|4598
32468398|Neurons|C0027882|3945
32468398|Respiration|C0035203|553
32468398|Mutation|C0026882|319
32335870|Humans|C0086418|444040
32335870|Adult|C0001675|444040
32335870|Female|C0086287|444040
32335870|Congenital central hypoventilation syndrome|C1275808|443040
32335870|Hypoventilation|C3203358|443039
32335870|Sleep Apnea, Central|C0520680|296801
32335870|Transcription Factors|C0040648|20130
32335870|Mutation|C0026882|14082
32335870|Homeodomain Proteins|C0242617|8115
32335870|Respiration Disorders|C0035204|880
32335870|Heterozygote|C0019425|227
32335870|Genetic Testing|C0679560|222
32335870|Noninvasive Ventilation|C1997883|71
32296467|Child|C0008059|20218
32296467|Humans|C0086418|20218
32296467|Neuroblastoma|C0027819|19218
32296467|Neoplasms, Germ Cell and Embryonal|C0027658|1878
32296467|Germ-Line Mutation|C0206530|242
32296467|Genomics|C0887950|237
32296467|Neural Crest|C0027789|206
32296467|Central Nervous System Depressants|C0007681|153
32296467|Computational Biology|C0376528|105
32296467|Neoplasm Regression, Spontaneous|C0027644|73
32296467|Nervous System|C0027763|2736
32274237|Child|C0008059|430201
32274237|Humans|C0086418|430201
32274237|Male|C0086582|430201
32274237|Female|C0086287|430201
32274237|Congenital central hypoventilation syndrome|C1275808|429201
32274237|Hypoventilation|C3203358|429200
32274237|Sleep Apnea, Central|C0520680|292829
32274237|Homeodomain Proteins|C0242617|7883
32274237|Transcription Factors|C0040648|6117
32274237|Mutation|C0026882|2177
32274237|Genetic Testing|C0679560|1649
32274237|Heterozygote|C0019425|1631
32274237|Medical History Taking|C0025084|792
32274237|polyalanine|C0071505|529
32274237|Peptides|C0030956|528
32274237|Mass Screening|C0024870|471
32274237|Autonomic Nervous System Diseases|C1145628|265
32274237|Hypercapnia|C0020440|262
32166324|Animals|C0003062|169939
32166324|Mice|C0026809|169939
32166324|Pro-Opiomelanocortin|C0033195|168939
32166324|Brain Stem|C0006121|16731
32166324|Arcuate Nucleus of Hypothalamus|C0003741|13135
32166324|Solitary Nucleus|C0175518|7024
32166324|Leptin|C0299583|5231
32166324|Hypothalamus|C0020663|4294
32166324|Cholecystokinin|C0008328|1509
32166324|BDNF protein, human|C3486709|1087
32166324|Brain-Derived Neurotrophic Factor|C0107103|1086
32166324|Obesity|C0028754|1041
32166324|Neurons|C0027882|946
32166324|Mice, Transgenic|C0025936|881
32166324|Body Weight|C0005910|803
32166324|Energy Metabolism|C0014272|749
32166324|Proto-Oncogene Proteins c-fos|C0085301|720
32166324|In Situ Hybridization|C0162788|571
32166324|RNA, Messenger|C0035696|496
32156713|Humans|C0086418|68056
32156713|Male|C0086582|68056
32156713|Female|C0086287|68056
32156713|Rett Syndrome|C0035372|67056
32156713|Methyl-CpG-Binding Protein 2|C0173924|7327
32156713|Genotype|C0017431|5109
32156713|Autonomic Nervous System|C0004388|1911
32156713|Phenotype|C0031437|1636
32156713|Circadian Rhythm|C0008810|1257
32156713|Neurons|C0027882|244
32156713|Repressor Proteins|C0035147|183
32652857|Humans|C0086418|205717
32652857|Male|C0086582|205717
32652857|Adult|C0001675|205717
32652857|Nasopharyngeal Carcinoma|C2931822|204717
32652857|acylglycerol kinase|C0207405|47731
32652857|Phosphatidylinositol 3-Kinases|C2936824|13762
32652857|Proto-Oncogene Proteins c-akt|C0164786|13379
32652857|Phosphotransferases (Alcohol Group Acceptor)|C0206338|47730
32652857|Cell Nucleus|C0007610|11211
32652857|Catenins|C1564904|9372
32652857|Nasopharyngeal Neoplasms|C0027439|7170
32652857|Translocation, Genetic|C0040715|3258
32652857|Carcinoma|C0007097|2777
32652857|Gene Expression Regulation, Neoplastic|C0017268|1062
32652857|Signal Transduction|C0037083|1044
32652857|Cell Proliferation|C0596290|969
32652857|Neoplastic Stem Cells|C1956421|806
32652857|Apoptosis|C0162638|642
32652857|Cell Line, Tumor|C0085983|628
32652319|Humans|C0086418|9551
32652319|Set2 protein, human|C1958958|8551
32652319|Histone-Lysine N-Methyltransferase|C0033641|8550
32652319|Sclera|C0036410|3345
32652319|Genome-Wide Association Study|C2350277|159
32652319|Genetic Linkage|C0023745|147
32652319|Genetic Predisposition to Disease|C0314657|140
32652319|Myopia, Degenerative|C0154778|111
32652319|Hypoxia-Inducible Factor 1|C0215848|78
32651991|Humans|C0086418|53825
32651991|Female|C0086287|53825
32651991|Polycystic Ovary Syndrome|C0032460|46255
32651991|Estradiol|C0014912|33266
32651991|CYP19A1 protein, human|C3254086|52825
32651991|Aromatase|C0003805|52824
32651991|Cytochrome P-450 CYP1A1|C0059735|16842
32651991|Hyperandrogenism|C0206081|11456
32651991|Estrogens|C0014939|7902
32651991|Follicular Fluid|C0016431|7376
32651991|Cumulus Cells|C1956101|5492
32651991|Exosomes|C2350332|2346
32651991|Ovary|C0029939|1428
32651991|MicroRNAs|C1101610|1184
32651991|Body Fluids|C0005889|624
32651991|Base Sequence|C0004793|588
32651991|Ovarian Follicle|C0018120|307
32651991|LDLR protein, human|C3493221|297
32651991|Receptors, LDL|C0034821|296
32651991|Cohort Studies|C0009247|203
32651898|Humans|C0086418|40202
32651898|Adult|C0001675|40202
32651898|Female|C0086287|40202
32651898|MicroRNAs|C1101610|39202
32651898|Endometriosis|C0014175|16618
32651898|Quality of Life|C0034380|3426
32651898|Biomarkers|C0005516|11229
32651898|Ovarian Neoplasms|C0919267|3936
32651898|Down-Regulation|C0013081|2986
32651898|Gene Expression Profiling|C0752248|2138
32651898|Endometrium|C0014180|1099
32651898|Signal Transduction|C0037083|567
32651898|Infertility|C0021359|353
32651898|ROC Curve|C0035787|344
32651427|Humans|C0086418|29502
32651427|yin zhi huang|C0149173|28502
32651427|Computational Biology|C0376528|2747
32651427|Molecular Docking Simulation|C3494273|1420
32651427|Drugs, Chinese Herbal|C0013229|28501
32651427|Medicine, Chinese Traditional|C0025124|3587
32651427|Hepatitis B|C0019163|690
32651427|Genes, cdc|C0243037|237
32651427|CDK2 protein, human|C0108855|223
32651427|Cyclin-Dependent Kinase 2|C1533646|222
32651427|CDK6 protein, human|C1565313|173
32651427|Cyclin-Dependent Kinase 6|C0252132|172
32651427|Biophysical Phenomena|C2350452|120
32651353|Humans|C0086418|46065
32651353|Male|C0086582|46065
32651353|Computational Biology|C0376528|45065
32651353|Insulin Resistance|C0021655|31625
32651353|Phosphatidylinositol 3-Kinases|C2936824|6662
32651353|Protein Interaction Maps|C3178902|7837
32651353|Gene Ontology|C1138831|5631
32651353|Insulin|C0021641|4211
32651353|Insulin, Regular, Human|C0795635|3427
32651353|Gene Expression Profiling|C0752248|3052
32651353|Databases, Genetic|C0872179|2463
32651353|Gene Regulatory Networks|C1720950|2439
32651353|Gene Expression Regulation, Neoplastic|C0017268|1036
32651353|Biomarkers, Tumor|C0041366|493
32651353|Signal Transduction|C0037083|402
32650679|Arthritis, Rheumatoid|C0003873|18462
32650679|Protein Interaction Maps|C3178902|10189
32650679|Gene Ontology|C1138831|9825
32650679|Gene Regulatory Networks|C1720950|4189
32650679|Gene Expression Profiling|C0752248|3273
32650679|Databases, Genetic|C0872179|2933
32650679|Transcriptome|C3178810|2754
32650679|Computational Biology|C0376528|2444
32650679|Osteoarthritis|C0029408|2409
32650679|Software|C0037585|1872
32650679|DNA Methylation|C0376452|1102
32650679|Signal Transduction|C0037083|978
32650679|Up-Regulation|C0041904|475
32650100|Oryza|C0086740|42124
32650100|Spermidine|C0037871|13435
32650100|Salt Stress|C4704762|15570
32650100|Gene Expression Regulation, Plant|C0242717|3671
32650100|Expressed Sequence Tags|C0600510|2520
32650100|Genes, Plant|C0162728|2238
32650100|Gene Library|C0017272|1901
32650100|Salinity|C1956027|1566
32650100|Subtractive Hybridization Techniques|C3850000|1475
32650100|Food Hypersensitivity|C0016470|1461
32650100|Gene Expression Profiling|C0752248|1101
32650100|Stress, Physiological|C0449430|1018
32650100|Gene Ontology|C1138831|897
32650100|Molecular Sequence Annotation|C2936604|674
32650094|Lycopersicon esculentum|C1140676|191400
32650094|Droughts|C0013140|96198
32650094|Computational Biology|C0376528|17364
32650094|Gene Expression Regulation, Plant|C0242717|5839
32650094|Stress, Physiological|C0449430|5015
32650094|Plant Proteins|C0032089|4719
32650094|Gene Expression Profiling|C0752248|1197
32649966|Lipid Droplets|C0230704|14177
32649966|Transcriptome|C3178810|3269
32649966|Nanotubes, Carbon|C1138408|2450
32649966|Macrophages|C0024432|11451
32649966|Perilipin-2|C0760488|5887
32649966|Reactive Oxygen Species|C0162772|1896
32649966|Lipid Metabolism|C0598783|1076
32649966|Endoplasmic Reticulum Stress|C3178870|1008
32649966|Oxidative Stress|C0242606|534
32649966|Leukocyte Count|C0023508|372
32650779|Humans|C0086418|32863
32650779|MET protein, human|C1456828|31863
32650779|Proto-Oncogene Proteins c-met|C0072453|31862
32650779|Down-Regulation|C0013081|31487
32650779|Carcinoma, Hepatocellular|C2239176|15226
32650779|RNA, Long Noncoding|C3494264|4377
32650779|Liver Neoplasms|C0023903|2422
32650779|Signal Transduction|C0037083|19080
32650779|Epithelial-Mesenchymal Transition|C1523298|8189
32650779|Gene Expression Regulation, Neoplastic|C0017268|1436
32650779|Cell Movement|C1621968|1349
32650779|Cell Line, Tumor|C0085983|898
32650779|Cadherins|C0006631|864
32650779|Biological Phenomena|C0005520|522
32650779|Disease Progression|C0242656|433
32650779|Phenotype|C0031437|323
32650720|Humans|C0086418|81186
32650720|RNA, Long Noncoding|C3494264|80186
32650720|Wnt Signaling Pathway|C1520113|37778
32650720|Osteoarthritis|C0029408|24996
32650720|Cartilage, Articular|C0007303|2444
32650720|Disease Progression|C0242656|817
32650720|Up-Regulation|C0041904|783
32602030|Mice|C0026809|14281
32602030|Animals|C0003062|14281
32602030|RNA, Long Noncoding|C3494264|6696
32602030|Myeloid Differentiation Factor 88|C0286648|3056
32602030|Microglia|C0206116|2856
32602030|Ubiquitination|C1519751|13281
32602030|Brain Injuries, Traumatic|C0876926|3861
32602030|Macrophage Activation|C0024426|2232
32602030|Adaptor Proteins, Signal Transducing|C1449886|1839
32602030|RNA, Small Interfering|C1099354|1326
32602030|Cell Movement|C1621968|1100
32602030|Cell Proliferation|C0596290|1008
32602030|Cell Line, Tumor|C0085983|749
32602030|Transfection|C0040669|420
32602030|Macrophages|C0024432|419
32602030|Myd88 protein, mouse|C1506319|1000
32601922|Humans|C0086418|72868
32601922|RNA, Long Noncoding|C3494264|71868
32601922|Drug Resistance, Neoplasm|C0282588|4128
32601922|Prospective Studies|C0033522|3282
32601922|Neoplasms|C0027651|10542
32601922|MicroRNAs|C1101610|950
32601922|Disease Progression|C0242656|452
32583079|Female|C0086287|32944
32583079|Humans|C0086418|32944
32583079|Male|C0086582|32944
32583079|Stomach Neoplasms|C0038356|30830
32583079|RNA, Long Noncoding|C3494264|7090
32583079|Up-Regulation|C0041904|31944
32583079|Neoplastic Processes|C0027671|13929
32583079|Transcriptional Activation|C0162493|8625
32583079|Gene Expression Regulation, Neoplastic|C0017268|3538
32583079|MicroRNAs|C1101610|2585
32583079|Biological Phenomena|C0005520|2211
32583079|Cell Proliferation|C0596290|1978
32583079|Prognosis|C0033325|1428
32583079|Cell Movement|C1621968|1425
32583079|Cell Line, Tumor|C0085983|1061
32583079|Apoptosis|C0162638|628
32583079|Vagina|C0042232|534
32583079|Disease Progression|C0242656|366
32583079|Oncogenes|C0029016|338
32583079|COL5A1 protein, human|C2604081|1000
32583079|Collagen Type V|C0009335|1000
32582996|Animals|C0003062|42507
32582996|Mice|C0026809|42507
32582996|Male|C0086582|42507
32582996|HOTAIR long untranslated RNA, human|C3253717|41507
32582996|RNA, Long Noncoding|C3494264|41506
32582996|Epidermal Cells|C3496194|29028
32582996|Wound Healing|C0043240|19176
32582996|Burns|C0006434|17046
32582996|Stem Cells|C0038250|12537
32582996|Cell Proliferation|C0596290|2648
32582996|Re-Epithelialization|C0334221|2559
32582996|Cell Movement|C1621968|1203
32582996|Cell Differentiation|C0007589|834
32582996|Transfection|C0040669|435
32582996|Cell Survival|C0007620|418
32582996|Cell Line, Tumor|C0085983|364
32566019|Humans|C0086418|185102
32566019|Male|C0086582|185102
32566019|Female|C0086287|185102
32566019|Aged|C0001792|1000
32566019|Thyroid Cancer, Papillary|C0238463|184102
32566019|HOTAIR long untranslated RNA, human|C3253717|82502
32566019|RNA, Long Noncoding|C3494264|82501
32566019|Lymphatic Metastasis|C0024232|13392
32566019|CDH1 protein, human|C1739912|4673
32566019|Cadherins|C0006631|4672
32566019|Cell Movement|C1621968|4666
32566019|Cell Proliferation|C0596290|3857
32566019|Thyroid Neoplasms|C0040136|2969
32566019|Carcinoma, Papillary|C0007133|2386
32566019|Gene Expression Regulation, Neoplastic|C0017268|1942
32566019|RNA, Small Interfering|C1099354|1433
32566019|Vimentin|C0042666|1313
32566019|Antigens, CD|C0003322|1238
32566019|Wnt Signaling Pathway|C1520113|1177
32566019|Cell Line, Tumor|C0085983|931
32566019|Neck|C0027530|511
32566019|Lymph Nodes|C0024204|505
32554864|Humans|C0086418|221493
32554864|Male|C0086582|221493
32554864|Adult|C0001675|221493
32554864|Middle Aged|C0205847|221493
32554864|Female|C0086287|221493
32554864|Carcinoma, Hepatocellular|C2239176|220493
32554864|RNA, Long Noncoding|C3494264|125277
32554864|Liver Neoplasms|C0023903|21627
32554864|Gene Expression Regulation, Neoplastic|C0017268|2901
32554864|Hep G2 Cells|C2717940|1654
32554864|Biomarkers, Tumor|C0041366|1643
32554864|Up-Regulation|C0041904|1293
32554864|Exosomes|C2350332|1104
32554864|Liver Cirrhosis|C0023890|298
32529986|Humans|C0086418|110912
32529986|Male|C0086582|110912
32529986|RNA, Long Noncoding|C3494264|109912
32529986|Prognosis|C0033325|73209
32529986|Esophageal Neoplasms|C0014859|17898
32529986|Neoplasm Staging|C0027646|3221
32529986|Disease-Free Survival|C0242793|2992
32529986|Biomarkers, Tumor|C0041366|2781
32529986|Gene Expression Regulation, Neoplastic|C0017268|1985
32529986|Lymphatic Metastasis|C0024232|1413
32529986|Proportional Hazards Models|C0033489|927
32529986|Rare Diseases|C0678236|585
32529986|Progression-Free Survival|C0242792|168
32529986|Odds Ratio|C0028873|149
32529678|Humans|C0086418|179238
32529678|long non-coding RNA TUSC7, human|C4508126|178238
32529678|RNA, Long Noncoding|C3494264|178237
32529678|MicroRNAs|C1101610|83262
32529678|Phosphatidylinositol 3-Kinases|C2936824|14868
32529678|Esophageal Neoplasms|C0014859|51837
32529678|Prognosis|C0033325|51510
32529678|Gene Expression Regulation, Neoplastic|C0017268|3946
32529678|Gene Regulatory Networks|C1720950|2719
32529678|Genes, Regulator|C0017362|2567
32529678|RNA, Messenger|C0035696|2552
32529678|Esophagus|C0014876|1109
32529678|AKT1 protein, human|C0668624|1077
32529678|Proto-Oncogene Proteins c-akt|C0164786|1076
32529678|Signal Transduction|C0037083|984
32529678|Kaplan-Meier Estimate|C1720943|837
32529678|Rare Diseases|C0678236|567
32630458|Middle Aged|C0205847|56702
32630458|Humans|C0086418|56702
32630458|Male|C0086582|56702
32630458|Prostate|C0033572|55702
32630458|Prostate-Specific Antigen|C0138741|15999
32630458|Hyperplasia|C0020507|5572
32630458|Prostatic Neoplasms|C0033578|25191
32630458|Biopsy|C0005558|9903
32630458|Prostatic Hyperplasia|C2937421|3867
32630458|Immunologic Tests|C0021061|651
32630458|Diagnosis, Differential|C0011906|57
32539255|Male|C0086582|4735
32539255|Humans|C0086418|4735
32539255|Ureteroscopes|C0184213|3735
32539255|Ureteral Calculi|C1456865|2578
32539255|Ureteroscopy|C0194261|2548
32539255|Ureter|C0041951|886
32539255|Urinary Calculi|C0042018|520
32539255|Prostatic Neoplasms|C0033578|87
32539255|Vacuum|C0042221|75
32539255|Treatment Outcome|C0085415|63
32539255|Equipment Design|C0014677|57
32539255|Kidney|C0022646|25
32388776|Humans|C0086418|24763
32388776|Male|C0086582|24763
32388776|Middle Aged|C0205847|24763
32388776|Female|C0086287|24763
32388776|HOTAIR long untranslated RNA, human|C3253717|20616
32388776|RNA, Long Noncoding|C3494264|20615
32388776|Carcinoma, Neuroendocrine|C0206695|23763
32388776|Lung Neoplasms|C0024121|10182
32388776|Neuroendocrine Tumors|C0206754|4608
32388776|Carcinoid Tumor|C0007095|3686
32388776|Small Cell Lung Carcinoma|C0149925|2196
32388776|Immunohistochemistry|C0021044|1889
32388776|Prognosis|C0033325|1522
32388776|Biomarkers, Tumor|C0041366|1342
32388776|Carcinoma, Non-Small-Cell Lung|C0007131|1035
32388776|prostate cancer antigen 3, human|C1313606|545
32388776|Cell Differentiation|C0007589|188
32388776|In Situ Hybridization|C0162788|146
32388776|INSM1 protein, human|C1430028|1000
32388776|Repressor Proteins|C0035147|1000
32388502|Humans|C0086418|157869
32388502|Male|C0086582|157869
32388502|Prostate|C0033572|156869
32388502|Prostatic Neoplasms|C0033578|43602
32388502|Prostatitis|C0033581|36204
32388502|Oncogenes|C0029016|17820
32388502|Prostate-Specific Antigen|C0138741|7193
32388502|Antigens, Neoplasm|C0003335|1620
32388502|Biopsy|C0005558|1517
32388502|Biomarkers, Tumor|C0041366|435
32388502|Body Fluids|C0005889|366
32388502|Predictive Value of Tests|C0032944|239
32388502|Inflammation|C0021368|54
32280028|Humans|C0086418|45611
32280028|Male|C0086582|45611
32280028|prostate cancer antigen 3, human|C1313606|44611
32280028|Antigens, Neoplasm|C0003335|44610
32280028|Prostatic Neoplasms|C0033578|13026
32280028|Prostate-Specific Antigen|C0138741|4891
32280028|Biopsy|C0005558|968
32280028|Biomarkers, Tumor|C0041366|596
32256177|Humans|C0086418|129909
32256177|Male|C0086582|129909
32256177|kallikrein-related peptidase 3, human|C2934380|128909
32256177|Prostate-Specific Antigen|C0138741|128908
32256177|Prostatic Neoplasms|C0033578|53256
32256177|PSCA protein, human|C1612119|35917
32256177|Antigens, Neoplasm|C0003335|35916
32256177|Prostate|C0033572|23091
32256177|prostate cancer antigen 3, human|C1313606|17909
32256177|Kallikreins|C0022478|3956
32256177|Biomarkers, Tumor|C0041366|2899
32256177|Biopsy|C0005558|2351
32256177|Neoplasm Proteins|C0027642|2104
32256177|Research Design|C0035171|849
32256177|Sensitivity and Specificity|C0036668|607
32256177|Diagnostic Tests, Routine|C0011930|561
32256177|Mass Screening|C0024870|393
32256177|PLAU protein, human|C4548357|343
32256177|Membrane Proteins|C0025252|342
32256177|GPI-Linked Proteins|C2936531|122
32250729|Middle Aged|C0205847|39895
32250729|Humans|C0086418|39895
32250729|Male|C0086582|39895
32250729|RNA, Messenger|C0035696|7210
32250729|Prostatic Neoplasms|C0033578|17196
32250729|GATA2 protein, human|C1506956|11239
32250729|GATA2 Transcription Factor|C0118890|11238
32250729|Extracellular Vesicles|C3894683|8445
32250729|Prostate-Specific Antigen|C0138741|5161
32250729|Prostate|C0033572|3494
32250729|Image-Guided Biopsy|C0456852|2045
32250729|Body Fluids|C0005889|432
32250729|Biomarkers, Tumor|C0041366|363
32250729|Affect|C0001721|132
32241692|Humans|C0086418|75175
32241692|Male|C0086582|75175
32241692|Prospective Studies|C0033522|4963
32241692|kallikrein-related peptidase 3, human|C2934380|74175
32241692|Prostate-Specific Antigen|C0138741|74174
32241692|Prostatic Neoplasms|C0033578|36921
32241692|Prostate|C0033572|16755
32241692|Biopsy|C0005558|3726
32241692|Biomarkers, Tumor|C0041366|2335
32241692|Antigens, Neoplasm|C0003335|1742
32241692|Body Fluids|C0005889|1245
32241692|Cost-Benefit Analysis|C0010174|170
32241692|Medical Overuse|C4042755|146
32228431|Humans|C0086418|15719
32228431|Rats|C0034721|15719
32228431|Animals|C0003062|15719
32228431|Male|C0086582|15719
32228431|Estradiol|C0014912|14719
32228431|Prostatitis|C0033581|10987
32228431|Selenium|C0036581|7838
32228431|Citrus sinensis|C0522462|1714
32228431|Estrogens|C0014939|12372
32228431|Prostatic Neoplasms|C0033578|59
32642019|Male|C0086582|16863
32642019|Humans|C0086418|16863
32642019|Aged|C0001792|1000
32642019|Pneumothorax|C0032326|15863
32642019|Birt-Hogg-Dube Syndrome|C0346010|15679
32642019|Kidney Neoplasms|C0022665|2498
32642019|Lung Diseases|C0024115|853
32642019|Skin Diseases|C0037274|597
32642019|Diagnosis, Differential|C0011906|274
32642019|Tumor Suppressor Proteins|C0597611|270
32631372|Male|C0086582|25826
32631372|Middle Aged|C0205847|25826
32631372|Humans|C0086418|25826
32631372|Female|C0086287|25826
32631372|Cystic Disease Of Lung|C1384901|24826
32631372|Lung Diseases|C0024115|24825
32631372|Birt-Hogg-Dube Syndrome|C0346010|9958
32631372|Cysts|C0010709|8400
32631372|Tomography, X-Ray Computed|C0040405|6315
32631372|Asian Continental Ancestry Group|C1257906|657
32612235|Humans|C0086418|23126
32612235|Male|C0086582|23126
32612235|MTOR protein, human|C1307407|22126
32612235|TOR Serine-Threonine Kinases|C0293060|22125
32612235|Birt-Hogg-Dube Syndrome|C0346010|3418
32612235|Kidney Neoplasms|C0022665|809
32612235|Mechanistic Target of Rapamycin Complex 1|C3888046|1000
32607581|Humans|C0086418|58974
32607581|Myopathies, Nemaline|C0206157|57974
32607581|Filamins|C0060383|10772
32607581|Heterozygote|C0019425|52059
32607581|Myofibrillar Myopathy|C2678065|12843
32607581|Myopathies, Structural, Congenital|C0752282|12842
32607581|Distal Myopathies|C0751336|10885
32607581|Mutation|C0026882|7455
32607581|Phenotype|C0031437|2372
32607581|Pedigree|C0030761|2172
32607581|Mutation, Missense|C0599155|769
32607581|Multiple Pterygium Syndrome, Autosomal Dominant|C1867440|381
32607581|Arthrogryposis|C0003886|380
32607581|FLCN protein, human|C1260068|1000
32607581|Proto-Oncogene Proteins|C0033712|1000
32607581|Tumor Suppressor Proteins|C0597611|1000
32537432|Child|C0008059|83624
32537432|Humans|C0086418|83624
32537432|Histone Methyltransferases|C0062776|82624
32537432|Histone-Lysine N-Methyltransferase|C0033641|2592
32537432|Histocompatibility Antigens|C0019628|2050
32537432|Epigenesis, Genetic|C1257873|936
32537432|Neuroblastoma|C0027819|661
32537432|Histones|C0019652|479
32537432|Cell Line, Tumor|C0085983|284
32537432|Quinazolines|C0034407|268
32469710|Humans|C0086418|17370
32469710|Birt-Hogg-Dube Syndrome|C0346010|16370
32469710|FLCN protein, human|C1260068|8261
32469710|Tumor Suppressor Proteins|C0597611|8260
32469710|Proto-Oncogene Proteins|C0033712|6674
32469710|Genes, Tumor Suppressor|C0079427|1864
32469710|Genetic Testing|C0679560|883
32469710|Mutation|C0026882|758
32469710|Mechanistic Target of Rapamycin Complex 1|C3888046|419
32469710|Skin|C1123023|236
32469710|RHOA protein, human|C0643681|155
32469710|rhoA GTP-Binding Protein|C0084340|154
32448321|Humans|C0086418|33091
32448321|Adult|C0001675|33091
32448321|Male|C0086582|33091
32448321|Middle Aged|C0205847|33091
32448321|Female|C0086287|33091
32448321|Retrospective Studies|C0035363|6651
32448321|Birt-Hogg-Dube Syndrome|C0346010|32091
32448321|FLCN protein, human|C1260068|9321
32448321|Tumor Suppressor Proteins|C0597611|9320
32448321|Pneumothorax|C0032326|7284
32448321|Proto-Oncogene Proteins|C0033712|6802
32448321|Lung Diseases|C0024115|3572
32448321|Genes, Tumor Suppressor|C0079427|3064
32448321|Cysts|C0010709|1490
32448321|Mutation|C0026882|1190
32448321|Kidney Neoplasms|C0022665|862
32448321|Respiratory Physiological Phenomena|C0035245|753
32448321|Skin|C1123023|371
32448321|Skin Neoplasms|C0037286|273
32448321|Estrone|C0014942|203
32420021|Humans|C0086418|26586
32420021|Male|C0086582|26586
32420021|Middle Aged|C0205847|26586
32420021|Birt-Hogg-Dube Syndrome|C0346010|25586
32420021|Lung Diseases|C0024115|11151
32420021|Kidney Neoplasms|C0022665|7949
32420021|Cysts|C0010709|6186
32420021|Pneumothorax|C0032326|1894
32420021|Genes, Tumor Suppressor|C0079427|1271
32420021|Tumor Suppressor Proteins|C0597611|735
32420021|Germ-Line Mutation|C0206530|544
32420021|Lung|C0024109|493
32420021|Skin Neoplasms|C0037286|407
32420021|Skin|C1123023|385
32420021|Mutation|C0026882|287
32420021|FLCN protein, human|C1260068|1000
32420021|Proto-Oncogene Proteins|C0033712|1000
32398770|Humans|C0086418|36418
32398770|Male|C0086582|36418
32398770|Polycystic Kidney, Autosomal Dominant|C0085413|35418
32398770|Polycystic Kidney Diseases|C0022680|2807
32398770|Phenotype|C0031437|2241
32398770|Genetic Heterogeneity|C0242960|225
32398770|Mutation|C0026882|206
32327294|Humans|C0086418|78500
32327294|Male|C0086582|78500
32327294|Female|C0086287|78500
32327294|Tuberous Sclerosis|C0041341|77500
32327294|Angiomyolipoma|C0206633|14810
32327294|Kidney Neoplasms|C0022665|8605
32327294|Carcinoma, Renal Cell|C0007134|8921
32327294|Birt-Hogg-Dube Syndrome|C0346010|5803
32327294|HSP90 Heat-Shock Proteins|C0243044|1710
32327294|MTOR protein, human|C1307407|1311
32327294|TOR Serine-Threonine Kinases|C0293060|1310
32327294|Tumor Suppressor Proteins|C0597611|689
32327294|Cytosol|C1383501|327
32327294|Cell Transformation, Neoplastic|C0007621|267
32327294|Hamartoma|C0018552|128
32647988|Humans|C0086418|11023
32647988|Neoplasm Recurrence, Local|C0027643|1000
32647988|Intestines|C0021853|4785
32647988|Colorectal Neoplasms|C0009404|4085
32647988|Databases, Genetic|C0872179|597
32647988|Biomarkers, Tumor|C0041366|457
32647988|Chemotherapy, Adjuvant|C0085533|191
32647988|Stem Cells|C0038250|52
32647861|Humans|C0086418|111814
32647861|Pericytes|C0598800|26254
32647861|Glioma|C0017638|110814
32647861|POSTN protein, human|C0219433|67042
32647861|Cell Adhesion Molecules|C0007578|67041
32647861|Neovascularization, Pathologic|C0027686|8094
32647861|Brain Neoplasms|C0006118|7818
32647861|Glioblastoma|C0017636|4915
32647861|Astrocytoma|C0004114|1278
32647861|OLIG2 protein, human|C0912988|777
32647861|Oligodendrocyte Transcription Factor 2|C4319679|776
32647861|Immunohistochemistry|C0021044|775
32647861|Morphogenesis|C0026559|678
32647861|Cell Line, Tumor|C0085983|661
32642695|Humans|C0086418|48590
32642695|Glioblastoma|C0017636|47590
32642695|Neovascularization, Pathologic|C0027686|24681
32642695|B-Lymphocytes|C0004561|1446
32642695|Neovascularization, Physiologic|C0282546|1120
32642695|Glioma|C0017638|540
32642695|Morphogenesis|C0026559|489
32642695|Endothelial Cells|C0225336|417
32642695|Cardiovascular Physiological Phenomena|C0007227|318
32642695|Cells, Cultured|C0007635|133
32642695|Leukocytes, Mononuclear|C0023517|121
32637906|Humans|C0086418|30331
32637906|Collagen|C0009325|29331
32637906|Extracellular Matrix|C0015350|29007
32637906|Liver|C0023884|5013
32637906|Extracellular Matrix Proteins|C0079323|3346
32637906|Liver Cirrhosis|C0023890|1469
32637906|Fibrosis|C0016059|1229
32637906|Proteomics|C0872252|391
32637906|Disease Progression|C0242656|101
32637906|Signal Transduction|C0037083|99
32627156|United States|C0041703|73723
32627156|Female|C0086287|73723
32627156|Pregnancy|C0032961|73723
32627156|Humans|C0086418|73723
32627156|Gynecology|C0018417|72723
32627156|Obstetrics|C0028773|56721
32627156|POSTN protein, human|C0219433|51697
32627156|Cell Adhesion Molecules|C0007578|51696
32627156|Glycoproteins|C0017968|413
32627156|Signal Transduction|C0037083|225
32627156|Ovarian Neoplasms|C0919267|168
32627156|Endometriosis|C0014175|155
32627156|Carcinoma, Ovarian Epithelial|C4721610|148
32627156|Diagnostic Tests, Routine|C0011930|108
32627156|Parturition|C0005615|94
32627156|Extracellular Matrix Proteins|C0079323|68
32627156|Uterine Cervical Neoplasms|C0007873|64
32627156|National Library of Medicine (U.S.)|C0027470|47
32627156|Tumor Microenvironment|C2936626|1000
32613365|Humans|C0086418|144670
32613365|Esophageal Squamous Cell Carcinoma|C0279626|143670
32613365|Esophageal Neoplasms|C0014859|12649
32613365|Retrospective Studies|C0035363|8379
32613365|POSTN protein, human|C0219433|27733
32613365|Cell Adhesion Molecules|C0007578|27732
32613365|Lymphocytes|C0024264|7897
32613365|Neutrophils|C0027950|6149
32613365|Carcinoma, Squamous Cell|C0007137|3739
32613365|Prognosis|C0033325|3715
32613365|C-Reactive Protein|C0006560|1888
32613365|Blood Platelets|C0005821|1703
32613365|Inflammation|C0021368|832
32613365|ROC Curve|C0035787|779
32613365|Diagnostic Tests, Routine|C0011930|327
32613365|Albumins|C0001924|233
32579471|Pregnancy|C0032961|13499
32579471|Humans|C0086418|13499
32579471|Female|C0086287|13499
32579471|CTNNB1 protein, human|C1531189|12499
32579471|beta Catenin|C0105770|12498
32579471|Uterus|C0042149|2847
32579471|Autophagy|C0004391|2217
32579471|Macroautophagy|C1155604|32
32579471|NOS1 protein, human|C0907533|1000
32579471|Nitric Oxide Synthase Type I|C0669368|1000
32579471|VEGFA protein, human|C1171892|1000
32579471|Vascular Endothelial Growth Factor A|C0078058|1000
32510239|Humans|C0086418|142359
32510239|Male|C0086582|142359
32510239|Female|C0086287|142359
32510239|Adult|C0001675|142359
32510239|Glioblastoma|C0017636|141359
32510239|DNA, B-Form|C0919262|20320
32510239|DNA Methylation|C0376452|14473
32510239|Prognosis|C0033325|8545
32510239|Protein Interaction Maps|C3178902|2260
32510239|Gene Expression Regulation, Neoplastic|C0017268|1477
32510239|Epigenesis, Genetic|C1257873|1152
32510239|Gene Expression Profiling|C0752248|1129
32510239|Databases, Genetic|C0872179|1076
32510239|Computational Biology|C0376528|895
32510239|Protein Processing, Post-Translational|C0033666|864
32510239|Signal Transduction|C0037083|374
32510239|Central Nervous System Neoplasms|C0085136|323
32510239|Biomarkers|C0005516|245
32510239|POSTN protein, human|C0219433|1000
32510239|Cell Adhesion Molecules|C0007578|1000
32461137|Rats|C0034721|179885
32461137|Male|C0086582|179885
32461137|Animals|C0003062|179885
32461137|Pyroptosis|C2610960|178885
32461137|Inflammasomes|C2936529|96380
32461137|Myocardial Reperfusion Injury|C0027055|45139
32461137|NLR Family, Pyrin Domain-Containing 3 Protein|C4255055|29863
32461137|POSTN protein, human|C0219433|26722
32461137|Cell Adhesion Molecules|C0007578|26721
32461137|Caspase 1|C0534519|10322
32461137|Myocytes, Cardiac|C0225828|1154
32461137|Reactive Oxygen Species|C0162772|739
32461137|Hypoxia|C0242184|430
32461137|Cell Hypoxia|C0007598|393
32461137|Disease Models, Animal|C0012644|282
32461137|Blotting, Western|C0005863|213
32461137|Nlrp3 protein, rat|C3493179|1000
32609087|Humans|C0086418|3816
32609087|Autistic Disorder|C0004352|2816
32609087|Mutation|C0026882|954
32609087|Homeostasis|C0019868|351
32609087|Biochemical Phenomena|C0005474|270
32609087|Phenotype|C0031437|234
32598477|Adult|C0001675|71578
32598477|Humans|C0086418|71578
32598477|Female|C0086287|71578
32598477|Lymphoma, Mantle-Cell|C0334634|70578
32598477|Bayes Theorem|C0004870|7086
32598477|Neoplasm Recurrence, Local|C0027643|1000
32598477|Mutation|C0026882|51969
32598477|CCND1 protein, human|C1741716|8537
32598477|Cyclin D1|C0174680|8536
32598477|Genes, p16|C0525037|6538
32598477|Genes, cdc|C0243037|4424
32598477|NOTCH2 protein, human|C1566695|1807
32598477|Receptor, Notch2|C0295924|1806
32598477|KMT2A protein, human|C1527868|1287
32598477|Histone-Lysine N-Methyltransferase|C0033641|1286
32598477|Lymphoma, B-Cell|C0079731|1249
32598477|High-Throughput Nucleotide Sequencing|C2936621|981
32598477|Protein-Serine-Threonine Kinases|C0072402|779
32598477|Myeloid-Lymphoid Leukemia Protein|C1571619|736
32598477|Lymphoma, Non-Hodgkin|C0024305|668
32593896|Child|C0008059|26767
32593896|Infant|C0021270|26767
32593896|Humans|C0086418|26767
32593896|Male|C0086582|26767
32593896|Child, Preschool|C0008100|26767
32593896|Epileptic Syndromes|C4505072|25767
32593896|Brain Diseases|C0006111|11469
32593896|Spasms, Infantile|C0037769|2735
32593896|Phenotype|C0031437|1204
32593896|Seizures|C0036572|869
32593896|Genetic Testing|C0679560|865
32593896|High-Throughput Nucleotide Sequencing|C2936621|622
32593896|Genetic Predisposition to Disease|C0314657|482
32593896|Mutation|C0026882|362
32593896|India|C0021201|195
32573645|Aniline Compounds|C0003038|1152
32573645|Dimethylformamide|C0012426|968
32483190|Humans|C0086418|1352
32483190|Glycolysis|C0017952|352
32483190|Aerobiosis|C0001702|96
32483190|Neoplasms|C0027651|76
32483190|Cell Proliferation|C0596290|61
32483190|Glucose|C0017725|47
32483190|Citric Acid Cycle|C0008858|23
32170405|Child|C0008059|44074
32170405|Humans|C0086418|44074
32170405|Female|C0086287|44074
32170405|Adolescent|C0205653|1000
32170405|Lymphohistiocytosis, Hemophagocytic|C0024291|3089
32170405|Epilepsies, Myoclonic|C0014550|43074
32170405|Epilepsy, Generalized|C0014548|1407
32170405|Epilepsy|C0014544|1355
32170405|Drug Resistant Epilepsy|C1096063|960
32170405|Vagus Nerve Stimulation|C2350432|721
32170405|Family|C0015576|354
32170405|Electroencephalography|C0013819|316
32170405|Mutation|C0026882|250
32170405|Haploinsufficiency|C2936267|229
32170405|DNA-Binding Proteins|C0012940|105
32170405|Infections|C3714514|1000
32170405|CHD2 protein, human|C3502394|1000
32061754|Humans|C0086418|121550
32061754|Male|C0086582|121550
32061754|Female|C0086287|121550
32061754|Thymic epithelial tumor|C1266101|120550
32061754|Thymus Neoplasms|C3714644|120549
32061754|Neoplasms, Glandular and Epithelial|C0027660|60792
32061754|High-Throughput Nucleotide Sequencing|C2936621|56652
32061754|Genomics|C0887950|49914
32061754|Thymoma|C0040100|20833
32061754|Mutation|C0026882|5350
32061754|Biomarkers, Tumor|C0041366|4365
32061754|Nucleotides|C0028630|2064
32061754|ARID1A protein, human|C0675390|1361
32061754|Nuclear Proteins|C0028589|1360
32061754|KMT2C protein, human|C1122016|1269
32061754|DNA-Binding Proteins|C0012940|1268
32061754|TGFBR2 protein, human|C1506219|1099
32061754|Receptor, Transforming Growth Factor-beta Type II|C0214897|1098
32061754|DNA Mismatch Repair|C1155661|768
32061754|PRKDC protein, human|C1528018|675
32061754|Frameshift Mutation|C0079380|472
31993582|Adolescent|C0205653|105807
31993582|Humans|C0086418|105807
31993582|Myoclonic Epilepsy, Juvenile|C0270853|104807
31993582|Mutation|C0026882|10506
31993582|Seizures|C0036572|3054
31993582|Electroencephalography|C0013819|1322
31993582|Epileptic Syndromes|C4505072|347
31993582|Diagnosis, Differential|C0011906|149
31993582|CHD2 protein, human|C3502394|1000
31993582|DNA-Binding Proteins|C0012940|1000
31914951|Child|C0008059|42002
31914951|Humans|C0086418|42002
31914951|Chromatin|C0008546|41002
31914951|Chromatin Assembly and Disassembly|C1156188|3200
31914951|DNA Copy Number Variations|C2717925|2228
31914951|Schizophrenia|C0036341|768
31914951|DNA Helicases|C0920283|612
31914951|Mutation|C0026882|481
31914951|DNA-Binding Proteins|C0012940|438
31914951|Phenotype|C0031437|141
31904125|Humans|C0086418|252793
31904125|Male|C0086582|252793
31904125|Epilepsies, Myoclonic|C0014550|251793
31904125|Epilepsy|C0014544|77619
31904125|CDKL5 deficiency disorder|C4750718|59260
31904125|Spasms, Infantile|C0037769|59259
31904125|NAV1.1 Voltage-Gated Sodium Channel|C3494329|38889
31904125|Epileptic Syndromes|C4505072|37966
31904125|Brain Diseases|C0006111|14865
31904125|Seizures, Febrile|C0009952|12794
31904125|Mutation|C0026882|3815
31904125|Phenotype|C0031437|2729
31904125|Syndrome|C0039082|1471
31904125|PCDH19 protein, human|C1608550|1000
31904125|Cadherins|C0006631|1000
32625236|Humans|C0086418|4331
32625236|Genome-Wide Association Study|C2350277|3331
32625236|Coronary Artery Disease|C1956346|1502
32625236|Genetic Loci|C0678933|1140
32625236|Genetic Predisposition to Disease|C0314657|1057
32625236|Polymorphism, Single Nucleotide|C0752046|862
32625236|Phenotype|C0031437|253
32625236|Risk Factors|C0035648|119
32621606|DNA, B-Form|C0919262|22655
32621606|Protein Domains|C1514562|5277
32621606|DNA|C0012854|5126
32621606|Sulfur|C0038774|2433
32621606|DNA Restriction Enzymes|C0012906|2340
32621606|Sensitivity and Specificity|C0036668|1080
32621606|Protein Binding|C0033618|763
32621606|Binding Sites|C0005456|734
32621606|DNA-Binding Proteins|C0012940|613
32621606|Models, Molecular|C0026344|455
32621606|Hydrogen Bonding|C0020276|443
32621606|Static Electricity|C0337036|336
32621606|Endonucleases|C0014230|289
32621606|Spine|C0037949|234
32599702|Gases|C0017110|29
32599702|Growth Disorders|C0018273|6
32558377|Humans|C0086418|11869
32558377|Male|C0086582|11869
32558377|Thumb|C0040067|4012
32558377|Pain|C0030193|10869
32558377|Magnetic Resonance Imaging|C0024485|4191
32558377|Carpometacarpal Joints|C0224620|2083
32558377|Arthralgia|C0003862|1319
32558377|Pain Measurement|C0030198|1303
32558377|Osteoarthritis, Knee|C0409959|773
32558377|Severity of Illness Index|C0036859|233
32549787|Female|C0086287|12670
32549787|Humans|C0086418|12670
32549787|Male|C0086582|12670
32549787|Middle Aged|C0205847|12670
32549787|Prognosis|C0033325|11670
32549787|Endometrial Neoplasms|C0014170|11406
32549787|Biomarkers, Tumor|C0041366|192
32443764|Humans|C0086418|6967
32443764|gallium arsenide|C0061005|1045
32443764|Gallium|C0016980|1044
32443764|Semiconductors|C0036623|801
32443764|Ultraviolet Rays|C0041625|609
32443764|Research|C0035168|129
32443764|Equipment Failure Analysis|C0376694|76
32443764|Equipment Design|C0014677|73
32443764|Arsenicals|C0003819|62
32443764|Electrons|C0013852|58
32443764|Neutrons|C0027946|35
32443764|Research Personnel|C0035173|26
32443764|Microsurgery|C0026035|15
32443764|Physics|C0031837|15
32434641|Child|C0008059|10073
32434641|Humans|C0086418|10073
32434641|Male|C0086582|10073
32434641|Female|C0086287|10073
32434641|Shwachman-Diamond Syndrome|C0272170|9073
32434641|Exocrine Pancreatic Insufficiency|C0267963|2826
32434641|Lipomatosis|C0023801|1918
32434641|Bone Marrow Diseases|C0005956|1500
32434641|Mutation|C0026882|969
32434641|Myelodysplastic Syndromes|C3463824|767
32434641|Biochemical Phenomena|C0005474|90
32412173|Humans|C0086418|23967
32412173|Male|C0086582|23967
32412173|Female|C0086287|23967
32412173|Pseudogenes|C0033799|22967
32412173|Exome|C3178814|18541
32412173|Shwachman-Diamond Syndrome|C0272170|14881
32412173|Pyle disease|C0265294|9715
32412173|Osteochondrodysplasias|C0029422|9714
32412173|Exocrine Pancreatic Insufficiency|C0267963|8586
32412173|Alleles|C0002085|4269
32412173|Whole Exome Sequencing|C3640077|2542
32412173|Bone Marrow Diseases|C0005956|2058
32412173|Heterozygote|C0019425|1497
32412173|Mutation|C0026882|1247
32412173|Gene Conversion|C0017259|873
32412173|DNA Primers|C0206416|634
32412173|Proteins|C0033684|468
32412173|Polymerase Chain Reaction|C0032520|342
32293785|Male|C0086582|15666
32293785|Humans|C0086418|15666
32293785|Adolescent|C0205653|15666
32293785|Female|C0086287|15666
32293785|Shwachman-Diamond Syndrome|C0272170|14666
32293785|Proteomics|C0872252|1598
32293785|Phenotype|C0031437|6258
32293785|Exocrine Pancreatic Insufficiency|C0267963|6135
32293785|Lipomatosis|C0023801|4483
32293785|Bone Marrow Diseases|C0005956|3153
32293785|Abnormalities, Multiple|C0000772|354
32293785|Proteins|C0033684|332
32293785|Endocrine System|C0014136|106
32198344|Humans|C0086418|5480
32198344|Tumor Suppressor Protein p53|C0080055|1785
32198344|Ribosomes|C0035553|4480
32198344|Ribosomal Proteins|C0035552|2611
32198344|Nuclear Proteins|C0028589|1097
32198344|Bone Marrow Diseases|C0005956|807
32198344|Transcription, Genetic|C0040649|730
32198344|Ubiquitination|C1519751|704
32198344|Cell Proliferation|C0596290|621
32198344|Cell Nucleus|C0007610|392
32198344|Gene Knockdown Techniques|C2350567|390
32198344|Cell Cycle|C0007586|386
32198344|Shwachman-Diamond Syndrome|C0272170|247
32198344|SBDS protein, human|C1173629|1000
32198344|Proteins|C0033684|1000
30657212|Humans|C0086418|15352
30657212|Mass Spectrometry|C0037813|14352
30657212|Proteins|C0033684|5487
30657212|Chromatography, Liquid|C0008565|2165
30657212|Healthy Volunteers|C1708335|810
30657212|Chromatography, High Pressure Liquid|C0008562|684
30657212|Skin|C1123023|303
30657212|Asian Continental Ancestry Group|C1257906|123
32615233|Humans|C0086418|42055
32615233|Induced Pluripotent Stem Cells|C2717959|2744
32615233|Motor Neurons|C0026609|41055
32615233|Pluripotent Stem Cells|C0872076|39909
32615233|Neurons, Efferent|C0027884|9033
32615233|Cell Differentiation|C0007589|3213
32615233|Embryonic Stem Cells|C0596508|2592
32615233|Reference Standards|C0034925|1251
32615233|Spinal Cord|C0037925|1250
32615233|Cells, Cultured|C0007635|529
32615233|Transgenes|C0282641|383
32615233|Cholinergic Agents|C0242893|1000
32571425|Humans|C0086418|366636
32571425|Male|C0086582|366636
32571425|Female|C0086287|366636
32571425|Currarino triad|C1531773|365636
32571425|Digestive System Abnormalities|C0266015|365635
32571425|Syringomyelia|C0039144|277276
32571425|Anal Canal|C0227411|249206
32571425|Rectum|C0034896|195155
32571425|Sacrum|C0036037|152945
32571425|Genes, Homeobox|C0017347|39090
32571425|Phenotype|C0031437|16377
32571425|Homeodomain Proteins|C0242617|4781
32571425|Abnormalities, Multiple|C0000772|2235
32571425|Mutation|C0026882|1687
32571425|Transcription Factors|C0040648|1597
32571425|Anorectal Malformations|C3495676|673
32571425|Asian Continental Ancestry Group|C1257906|409
32571425|Genotype|C0017431|1000
32571425|MNX1 protein, human|C1171677|1000
32460659|Animals|C0003062|19141
32460659|Female|C0086287|19141
32460659|Humans|C0086418|1000
32460659|Pregnancy|C0032961|1000
32460659|Insulin-Secreting Cells|C0030281|18141
32460659|Multiple Birth Offspring|C0026753|3312
32460659|Islets of Langerhans|C0022131|1728
32460659|Pregnancy, Multiple|C0032989|1101
32460659|Pancreas|C0030274|780
32460659|Diabetes Mellitus|C0011849|624
32460659|Regeneration|C0034963|384
32460659|Cell Differentiation|C0007589|213
32460659|Zebrafish|C0043457|202
32460659|Cell Proliferation|C0596290|148
32460659|Conservation of Natural Resources|C0009799|81
32117046|Mice|C0026809|3008
32117046|Humans|C0086418|3008
32117046|Animals|C0003062|3008
32117046|Disease Models, Animal|C0012644|1014
32117046|Mice, Transgenic|C0025936|869
32117046|Phenotype|C0031437|796
32117046|Ciliopathies|C4277690|517
32117046|Mutation|C0026882|457
32117046|Musculoskeletal Diseases|C0026857|243
32117046|Cilia|C0008778|223
32117046|Lysosomal Storage Diseases|C0085078|181
32117046|Biomimetics|C0872312|171
32117046|Proteins|C0033684|171
32117046|Gene Knockout Techniques|C0599772|95
32117046|Genes, X-Linked|C0678928|72
32117046|Rare Diseases|C0678236|60
32117046|Osteochondrodysplasias|C0029422|53
32117046|Human Genetics|C0020124|1000
31924214|Humans|C0086418|119568
31924214|RNA, Long Noncoding|C3494264|118568
31924214|Stomach Neoplasms|C0038356|9098
31924214|Neoplastic Processes|C0027671|6156
31924214|Stomach|C0038351|5385
31924214|RNA, Antisense|C0080124|3689
31924214|Gene Expression Regulation, Neoplastic|C0017268|2927
31924214|Neoplasm Invasiveness|C0027626|2706
31924214|MicroRNAs|C1101610|2319
31924214|Cell Proliferation|C0596290|1952
31924214|Cell Movement|C1621968|1936
31924214|Homeodomain Proteins|C0242617|1590
31924214|Cell Line, Tumor|C0085983|1019
31924214|Transcription Factors|C0040648|830
31924214|Disease Progression|C0242656|617
31924214|Proto-Oncogene Proteins c-bcl-2|C0107696|1000
31924214|MNX1 protein, human|C1171677|1000
31924214|TEAD4 protein, human|C1438298|1000
31924214|DNA-Binding Proteins|C0012940|1000
31903751|Triticum|C0087114|316
31903751|Plant Leaves|C0242724|162
31903751|Arctostaphylos|C0884952|150
31903751|Pyrus|C0330663|112
31903751|Arbutin|C0003729|106
31903751|Engineering|C0014279|66
31847880|Humans|C0086418|104050
31847880|Carcinoma, Pancreatic Ductal|C0887833|103050
31847880|Pancreatic Carcinoma|C0235974|35272
31847880|Pancreatic Neoplasms|C0030297|35271
31847880|Macrophages|C0024432|3099
31847880|HSP90 Heat-Shock Proteins|C0243044|2529
31847880|Cancer-Associated Fibroblasts|C4277548|813
31847880|Epithelial-Mesenchymal Transition|C1523298|754
31847880|Cell Movement|C1621968|424
31847880|Cell Line, Tumor|C0085983|380
31847880|Biochemical Phenomena|C0005474|333
31847880|Gene Expression Regulation, Neoplastic|C0017268|314
31847880|Biological Transport|C0005528|231
31843814|Humans|C0086418|316264
31843814|RNA, Long Noncoding|C3494264|315264
31843814|RNA, Antisense|C0080124|217156
31843814|Urinary Bladder Neoplasms|C0005695|48613
31843814|Carcinogenesis|C0596263|62943
31843814|Oncogenes|C0029016|60363
31843814|Transcription Factors|C0040648|10902
31843814|MicroRNAs|C1101610|9360
31843814|Cell Proliferation|C0596290|8572
31843814|Neoplasm Invasiveness|C0027626|8145
31843814|Gene Expression Regulation, Neoplastic|C0017268|7349
31843814|Cell Movement|C1621968|3786
31843814|Epithelial-Mesenchymal Transition|C1523298|2613
31843814|Cell Line, Tumor|C0085983|2527
31843814|Disease Progression|C0242656|1200
31843814|MNX1 protein, human|C1171677|1000
31843814|Homeodomain Proteins|C0242617|1000
31843814|MIRN218 microRNA, human|C2932196|1000
31730496|Male|C0086582|18601
31730496|Humans|C0086418|18601
31730496|Adult|C0001675|18601
31730496|Female|C0086287|18601
31730496|Mosaicism|C0026578|17601
31730496|Pigmentation Disorders|C0549567|1126
31730496|Skin Pigmentation|C0037290|701
31730496|Karyotyping|C0022526|559
31730496|Cytogenetics|C0010802|80
31726413|Animals|C0003062|1838797
31726413|Zebrafish|C0043457|1837797
31726413|Hedgehog Proteins|C1721080|1154305
31726413|decamethrin|C0057233|579961
31726413|Urinary Bladder|C0005682|144571
31726413|Nitriles|C0028131|579960
31726413|Organogenesis|C0242290|483171
31726413|PTCH2 protein, human|C1335369|341635
31726413|Patched-2 Receptor|C4255234|341634
31726413|Pyrethrins|C0034245|326126
31726413|Air Sacs|C0001878|147286
31726413|PTCH protein, human|C4308014|109093
31726413|Patched-1 Receptor|C4277593|109092
31726413|Wnt1 Protein|C0072467|20215
31726413|Embryo, Nonmammalian|C0013940|15455
31726413|Transcription Factors|C0040648|13661
31726413|Signal Transduction|C0037083|6360
31726413|FZD3 protein, human|C1175384|5331
31726413|Frizzled Receptors|C1564903|5330
32553154|Mice|C0026809|7046
32553154|Animals|C0003062|7046
32553154|Corpus Striatum|C0010097|6046
32553154|Substantia Nigra|C0038590|4564
32553154|Dopamine|C0013030|1257
32553154|Basal Ganglia|C0004781|1098
32553154|Pars Compacta|C0175412|766
32553154|Neural Pathways|C0027792|757
32553154|Axons|C0004461|617
32553154|Interneurons|C0021792|486
32553154|Neurites|C0085103|196
32553154|Neocortex|C0175173|149
32508046|Humans|C0086418|21625
32508046|Male|C0086582|21625
32508046|Female|C0086287|21625
32508046|Phosphatidylinositol 3-Kinases|C2936824|4142
32508046|Prognosis|C0033325|20625
32508046|Myelodysplastic Syndromes|C3463824|16860
32508046|DNA Methylation|C0376452|12567
32508046|Leukemia, Myeloid, Acute|C0023467|8927
32508046|Epigenomics|C2936263|6885
32508046|Myeloproliferative Disorders|C0027022|5550
32508046|Promoter Regions, Genetic|C0033413|5121
32508046|Genes, Homeobox|C0017347|1330
32508046|Remission Induction|C0035052|1221
32508046|Disease-Free Survival|C0242793|743
32508046|Protein Processing, Post-Translational|C0033666|573
32508046|Epigenesis, Genetic|C1257873|1000
32403166|Animals|C0003062|27160
32403166|Branchial Region|C0006128|26160
32403166|Transcription Factors|C0040648|9548
32403166|Homeodomain Proteins|C0242617|8958
32403166|Genes, Homeobox|C0017347|8334
32403166|Genitalia|C0017420|2268
32403166|Gene Expression Regulation, Developmental|C0242718|2028
32403166|Multigene Family|C0017363|1884
32403166|Regulatory Sequences, Nucleic Acid|C0034987|1819
32403166|Evolution, Molecular|C0282688|912
32403166|Urogenital System|C0042066|864
32403166|Mammals|C0024660|744
32403166|Organ Specificity|C0029213|347
32368149|Humans|C0086418|52522
32368149|Male|C0086582|52522
32368149|Prostate|C0033572|51522
32368149|Prostatic Neoplasms|C0033578|35343
32368149|Neoplastic Processes|C0027671|10137
32368149|Disease Progression|C0242656|5178
32368149|MicroRNAs|C1101610|4339
32368149|Gene Expression Regulation, Neoplastic|C0017268|1689
32368149|Cell Line, Tumor|C0085983|1117
32368149|Cell Proliferation|C0596290|1084
32368149|Down-Regulation|C0013081|1013
32368149|Apoptosis|C0162638|454
32368149|MIRN489 microRNA, human|C2975158|1000
32253239|Animals|C0003062|4021
32253239|Humans|C0086418|4021
32253239|ASCL1 protein, human|C0083344|3021
32253239|Basic Helix-Loop-Helix Transcription Factors|C0288972|3020
32253239|Transcription Factors|C0040648|805
32253239|Drosophila Proteins|C0949989|569
32253239|Drosophila|C0013138|527
32253239|Amino Acid Sequence|C0002518|150
32170006|Humans|C0086418|51913
32170006|Basal Ganglia|C0004781|8584
32170006|Neostriatum|C0162512|3462
32170006|Huntington Disease|C0020179|2818
32170006|Neural Pathways|C0027792|1533
32170006|Reward|C0035397|719
32170006|Ventral Striatum|C0750950|586
32170006|Parkinson Disease|C0030567|585
32170006|Neurons|C0027882|429
32170006|Substance-Related Disorders|C0236969|324
32021296|Humans|C0086418|10802
32021296|Male|C0086582|10802
32021296|RNA, Messenger|C0035696|9802
32021296|Computational Biology|C0376528|5623
32021296|Prostate|C0033572|970
32021296|Plasma|C0032105|1419
32021296|Prostatic Neoplasms|C0033578|849
32021296|Biomarkers, Tumor|C0041366|810
32021296|MicroRNAs|C1101610|572
32021296|Gene Expression Regulation, Neoplastic|C0017268|272
32017713|Mice|C0026809|24511
32017713|Animals|C0003062|24511
32017713|Genes, Homeobox|C0017347|21420
32017713|Transcription Factors|C0040648|5868
32017713|Enteric Nervous System|C0206111|3687
32017713|Homeodomain Proteins|C0242617|2041
32017713|Intestine, Small|C0021852|1791
32017713|Neurons|C0027882|1470
32017713|Neuroglia|C0027836|1100
32017713|Vasoactive Intestinal Peptide|C0042395|720
32017713|Gene Expression Regulation, Developmental|C0242718|638
32017713|Cell Movement|C1621968|564
32017713|Gastrointestinal Motility|C0017184|488
32017713|Intestines|C0021853|446
32017713|Base Sequence|C0004793|318
31922317|Mice|C0026809|113228
31922317|Animals|C0003062|113228
31922317|Mice, Knockout|C0206745|20582
31922317|NGFR protein, human|C1435659|112228
31922317|Receptors, Nerve Growth Factor|C0132173|112227
31922317|Nerve Tissue Proteins|C0027759|26877
31922317|Mesenchymal Stem Cells|C1257975|4107
31922317|Receptor, Nerve Growth Factor|C0254837|1071
31922317|Cell Differentiation|C0007589|428
31922317|Cells, Cultured|C0007635|176
31922317|Calcinosis|C0006663|120
31882504|Humans|C0086418|6577
31882504|Male|C0086582|6577
31882504|Multiparametric Magnetic Resonance Imaging|C3898221|5577
31882504|Prostate|C0033572|1954
31882504|Prostatic Neoplasms|C0033578|1653
31882504|Magnetic Resonance Imaging|C0024485|971
31882504|Image-Guided Biopsy|C0456852|951
31882504|Urinalysis|C0042014|41
32642684|Humans|C0086418|47586
32642684|Neuroma, Acoustic|C0027859|46586
32642684|Neurofibromatosis 2|C0027832|4097
32642684|Cerebellopontine Angle|C0007764|3476
32642684|Vestibulocochlear Nerve|C0001162|2653
32642684|Neurilemmoma|C0027809|1812
32642684|Tumor Microenvironment|C2936626|1000
32576656|Male|C0086582|58412
32576656|Humans|C0086418|58412
32576656|Female|C0086287|58412
32576656|Neuroma, Acoustic|C0027859|57412
32576656|Neurofibromatosis 2|C0027832|19499
32576656|Schwannomatosis|C1335929|18913
32576656|Neurofibromatoses|C0162678|18912
32576656|Neurilemmoma|C0027809|18664
32576656|Skin Neoplasms|C0037286|968
32576656|Transcription Factors|C0040648|211
32576656|Mutation|C0026882|148
32575496|Humans|C0086418|7309
32575496|Legius syndrome|C1969623|6309
32575496|Cafe-au-Lait Spots|C0221263|6308
32575496|Neurofibromatosis 1|C0027831|712
32575496|Phenotype|C0031437|106
32575496|High-Throughput Nucleotide Sequencing|C2936621|97
32575496|Mutation|C0026882|61
32514133|Humans|C0086418|60483
32514133|Adult|C0001675|60483
32514133|Noonan Syndrome|C0028326|59483
32514133|Genes, ras|C0034677|2366
32514133|Phenotype|C0031437|2241
32514133|Multifactorial Inheritance|C0600599|1344
32514133|Whole Exome Sequencing|C3640077|1323
32514133|DNA Mutational Analysis|C0012878|1111
32514133|Mutation|C0026882|1096
32514133|Pedigree|C0030761|575
32514133|Protein Stability|C2350440|286
32514133|Transcription Factors|C0040648|237
32339168|Animals|C0003062|26071
32339168|Humans|C0086418|26071
32339168|DiGeorge Syndrome|C0012236|22524
32339168|Genes, Neurofibromatosis 1|C0085113|25071
32339168|Schizophrenia|C0036341|6636
32339168|Neurofibromin 1|C0083725|4349
32339168|Chromosome Deletion|C0008628|3876
32339168|Sleep|C0037313|3822
32339168|Shprintzen Golberg craniosynostosis|C1321551|2189
32339168|Arachnodactyly|C0003706|2188
32339168|Marfan Syndrome|C0024796|1262
32339168|Craniosynostoses|C0010278|1048
32339168|Signal Transduction|C0037083|1010
32339168|Genetic Predisposition to Disease|C0314657|717
32339168|Drosophila|C0013138|616
32339168|Phenotype|C0031437|569
32339168|LZTR1 protein, human|C1701463|1000
32339168|Transcription Factors|C0040648|1000
32281771|Humans|C0086418|598878
32281771|Female|C0086287|598878
32281771|Schwannomatosis|C1335929|597878
32281771|Germ-Line Mutation|C0206530|72455
32281771|Neurofibromatoses|C0162678|597877
32281771|Neurilemmoma|C0027809|260305
32281771|Skin Neoplasms|C0037286|164029
32281771|SMARCB1 protein, human|C0292369|39241
32281771|SMARCB1 Protein|C4255256|39240
32281771|Neurofibromatosis 2|C0027832|9701
32281771|Genotype|C0017431|4497
32281771|Mutation|C0026882|4157
32281771|DNA-Binding Proteins|C0012940|3972
32281771|Transcription Factors|C0040648|3832
32281771|Chromosomal Proteins, Non-Histone|C0008600|2447
32281771|Genetic Predisposition to Disease|C0314657|2009
32281771|Pedigree|C0030761|1085
32271143|Humans|C0086418|28135
32271143|Neurofibromatosis 2|C0027832|27135
32271143|Nerve Sheath Neoplasms|C0206727|9486
32271143|Cranial Nerve Neoplasms|C0010267|1566
32271143|Soft Tissue Neoplasms|C0037579|220
32271143|Mutation|C0026882|99
32271143|Biomarkers, Tumor|C0041366|72
32175818|Humans|C0086418|14400
32175818|Noonan Syndrome|C0028326|13400
32175818|Hemorrhage|C0019080|74
31983691|Humans|C0086418|568100
31983691|Male|C0086582|568100
31983691|Adult|C0001675|1000
31983691|Middle Aged|C0205847|1000
31983691|Aged|C0001792|1000
31983691|Schwannomatosis|C1335929|567100
31983691|Neurofibromatoses|C0162678|567099
31983691|Neurilemmoma|C0027809|327912
31983691|Skin Neoplasms|C0037286|162930
31983691|SMARCB1 protein, human|C0292369|16557
31983691|SMARCB1 Protein|C4255256|16556
31983691|Neuroma, Acoustic|C0027859|5474
31983691|Transcription Factors|C0040648|1079
31983691|Mutation|C0026882|839
31983691|Germ-Line Mutation|C0206530|744
31983691|Spinal Cord Neoplasms|C0037930|645
31983691|Exons|C0015295|385
31983691|Brain Neoplasms|C0006118|291
31983691|Spinal Neoplasms|C0037939|290
31983691|Intercostal Nerves|C1285089|251
31983691|Japan|C0022341|0
32640190|Mice|C0026809|5921
32640190|Animals|C0003062|5921
32640190|Serotonin|C0036751|1930
32640190|RNA|C0035668|1615
32640190|Gastrointestinal Microbiome|C4018878|842
32640190|Enterochromaffin Cells|C0014355|4921
32640190|Colon|C0009368|1350
32640190|Colitis|C0009319|1080
32640190|Intestinal Mucosa|C0021839|867
32640190|Gastrointestinal Tract|C0017189|789
32640190|Germ-Free Life|C0017475|750
32640190|Gastrointestinal Motility|C0017184|600
32640190|Microbiota|C3887843|469
32640190|Biochemical Phenomena|C0005474|366
32640190|Peristalsis|C0031133|69
32640190|Diagnostic Tests, Routine|C0011930|66
32640190|Ribonucleases|C0035542|59
32640190|Piezo1 protein, mouse|C2976401|1000
32640190|Ion Channels|C0022009|1000
32599305|Humans|C0086418|85539
32599305|Infant|C0021270|85539
32599305|Arm|C0446516|8045
32599305|Lymphedema, Hereditary, II|C0238261|84539
32599305|Lymphedema|C0024236|84538
32599305|Lymphatic Vessels|C0229889|69504
32599305|Lymphatic System|C0024235|31572
32599305|Axilla|C0004454|1512
32599305|Lymph Node Excision|C0024203|849
32582958|Humans|C0086418|8518
32582958|Cholesterol|C0008377|7518
32582958|PIEZO1 protein, human|C1872588|6671
32582958|Ion Channels|C0022009|6670
32582958|Cell Membrane|C0007603|1111
32582958|Mechanotransduction, Cellular|C1138568|594
32582958|HEK293 Cells|C2936239|339
32582958|Cyclodextrins|C0010558|225
32582958|Fatty Acids, Unsaturated|C0015690|210
32582958|Biological Phenomena|C0005520|180
32582958|Homeostasis|C0019868|151
32582958|Erythrocyte Volume|C1446565|146
32582958|Mechanical Phenomena|C2350455|106
32581839|Humans|C0086418|3571
32581839|Erythrocyte Membrane|C0014780|2571
32581839|Erythrocyte Deformability|C0014774|2474
32581839|Erythrocyte Volume|C1446565|1050
32581839|Erythrocytes|C0014792|629
32581839|Hematologic Diseases|C0018939|360
32581839|Models, Theoretical|C0026350|95
32581839|Models, Biological|C0026339|81
32581839|Membrane Proteins|C0025252|70
32579474|Humans|C0086418|6253
32579474|Erythrocytes|C0014792|5253
32579474|Erythrocyte Deformability|C0014774|2466
32579474|Nitric Oxide|C0028128|304
32579474|Protein Processing, Post-Translational|C0033666|40
32579474|Second Messenger Systems|C0036522|28
32547190|Adult|C0001675|59554
32547190|Humans|C0086418|59554
32547190|Male|C0086582|59554
32547190|Up-Regulation|C0041904|20196
32547190|Prognosis|C0033325|9447
32547190|Glioma|C0017638|58554
32547190|Transcriptional Activation|C0162493|6900
32547190|Brain Neoplasms|C0006118|3744
32547190|Gene Expression Regulation, Neoplastic|C0017268|740
32547190|Cell Proliferation|C0596290|372
32547190|Cell Movement|C1621968|337
32547190|Biomarkers, Tumor|C0041366|317
32547190|Cell Line, Tumor|C0085983|294
32547190|PIEZO1 protein, human|C1872588|1000
32547190|Ion Channels|C0022009|1000
32526681|Inflammasomes|C2936529|74877
32526681|Nucleus Pulposus|C1185714|63867
32526681|NLR Family, Pyrin Domain-Containing 3 Protein|C4255055|15955
32526681|Intervertebral Disc Degeneration|C0158266|2289
32526681|Interleukin-1beta|C0021753|1619
32526681|Inflammation|C0021368|716
32526681|Ion Channels|C0022009|470
32526681|Signal Transduction|C0037083|420
32523536|Humans|C0086418|38733
32523536|tubeimoside I|C0147186|37733
32523536|Saponins|C0036189|37732
32523536|Triterpenes|C0041113|32074
32523536|Ion Channels|C0022009|709
32523536|Mechanotransduction, Cellular|C1138568|472
32523536|PIEZO1 protein, human|C1872588|1000
32499717|Humans|C0086418|33841
32499717|potassium channel protein TREK-1|C0754471|32841
32499717|Potassium Channels, Tandem Pore Domain|C0949654|32840
32499717|Myocytes, Cardiac|C0225828|17667
32499717|Biophysical Phenomena|C2350452|999
32499717|Lectins|C0023206|852
32499717|Ion Transport|C0162585|245
32499717|Signal Transduction|C0037083|205
32573691|Adult|C0001675|204355
32573691|Middle Aged|C0205847|204355
32573691|Male|C0086582|204355
32573691|Humans|C0086418|204355
32573691|Female|C0086287|204355
32573691|Myelodysplastic-Myeloproliferative Diseases|C1301355|203355
32573691|Leukemia, Myeloid, Chronic, Atypical, BCR-ABL Negative|C1292772|16955
32573691|Leukemia, Myelomonocytic, Chronic|C0023480|8418
32573691|Myelodysplastic Syndromes|C3463824|5849
32573691|Mutation|C0026882|3327
32573691|Thrombocytosis|C0836924|2983
32573691|SETBP1 protein, human|C1309881|2519
32573691|Nuclear Proteins|C0028589|2518
32573691|Genes, Regulator|C0017362|2341
32573691|Carrier Proteins|C0007292|1850
32573691|JAK2 protein, human|C1527617|915
32573691|Janus Kinase 2|C0169661|914
32573691|Genetic Association Studies|C2717878|474
32573691|Cohort Studies|C0009247|174
32560455|Humans|C0086418|69947
32560455|Female|C0086287|69947
32560455|Animals|C0003062|69947
32560455|Lymphoma, Large-Cell, Anaplastic|C0206180|68947
32560455|Breast Implants|C0179412|26800
32560455|Heterografts|C0522537|6328
32560455|JAK1 protein, human|C1527598|40516
32560455|Janus Kinase 1|C0169658|40515
32560455|Breast Implantation|C0178391|13617
32560455|Genes, sis|C0751996|6671
32560455|Genes, Regulator|C0017362|2503
32560455|Mutation|C0026882|583
32560455|Receptor Protein-Tyrosine Kinases|C0206364|248
32560455|SETBP1 protein, human|C1309881|197
32560455|Nuclear Proteins|C0028589|196
32560455|Lymphoma, T-Cell, Peripheral|C0079774|187
32560455|Disease Models, Animal|C0012644|186
32560455|Janus Kinase Inhibitors|C3854325|169
32461631|Adult|C0001675|54811
32461631|Middle Aged|C0205847|54811
32461631|Humans|C0086418|54811
32461631|Leukemia, Myeloid, Acute|C0023467|53811
32461631|Mutation|C0026882|13113
32461631|SETBP1 protein, human|C1309881|4599
32461631|Nuclear Proteins|C0028589|4598
32461631|Prognosis|C0033325|2394
32461631|Hematopoietic Stem Cell Transplantation|C0472699|1998
32461631|Risk Factors|C0035648|1275
32461631|Genes, Regulator|C0017362|1117
32461631|Disease-Free Survival|C0242793|927
32461631|Cohort Studies|C0009247|180
32460983|Adult|C0001675|148938
32460983|Child|C0008059|148938
32460983|Humans|C0086418|148938
32460983|Child, Preschool|C0008100|148938
32460983|Female|C0086287|148938
32460983|Leukemia, Myelomonocytic, Juvenile|C0349639|147938
32460983|PTPN11 protein, human|C1566685|8261
32460983|Protein Tyrosine Phosphatase, Non-Receptor Type 11|C0656342|8260
32460983|Mutation|C0026882|2743
32460983|Genes, Regulator|C0017362|2223
32460983|JAK3 protein, human|C0253456|2201
32460983|Janus Kinase 3|C0253457|2200
32460983|SETBP1 protein, human|C1309881|1713
32460983|Nuclear Proteins|C0028589|1712
32460983|Carrier Proteins|C0007292|1522
32460983|Syndrome|C0039082|1251
32460983|Hematopoietic Stem Cell Transplantation|C0472699|1200
32460983|Leukemia, Myelomonocytic, Chronic|C0023480|915
32460983|Genes, ras|C0034677|525
32460983|Epigenomics|C2936263|513
32460883|Infant, Newborn|C0021289|463016
32460883|Humans|C0086418|463016
32460883|Child|C0008059|463016
32460883|Infant|C0021270|463016
32460883|Male|C0086582|463016
32460883|Female|C0086287|463016
32460883|Schinzel-Giedion syndrome|C0265227|462016
32460883|Intellectual Disability|C3714756|313536
32460883|Whole Exome Sequencing|C3640077|78531
32460883|Critical Illness|C0010340|50559
32460883|Hand Deformities, Congenital|C0018566|462015
32460883|Nails, Malformed|C0027344|450804
32460883|Craniofacial Abnormalities|C0376634|339792
32460883|Abnormalities, Multiple|C0000772|286731
32460883|SETBP1 protein, human|C1309881|92974
32460883|Carrier Proteins|C0007292|92973
32460883|Nuclear Proteins|C0028589|88101
32460883|Genes, Regulator|C0017362|4959
32460883|Heterozygote|C0019425|1734
32460883|Mutation|C0026882|1311
32460883|Exons|C0015295|1039
32460883|Databases, Genetic|C0872179|822
32460883|Syndrome|C0039082|618
32457837|Humans|C0086418|4828
32457837|Male|C0086582|4828
32457837|Middle Aged|C0205847|4828
32457837|Female|C0086287|4828
32457837|Aged, 80 and over|C0001795|4828
32457837|Leukemia, Lymphocytic, Chronic, B-Cell|C0023434|3828
32457837|Splenic Neoplasms|C0037999|2616
32457837|DNA excision repair protein ERCC-5|C1333232|2601
32457837|Nuclear Proteins|C0028589|2600
32457837|Lymphoma, B-Cell, Marginal Zone|C0242647|1422
32457837|Genes, Regulator|C0017362|1307
32457837|SETBP1 protein, human|C1309881|1289
32457837|Transcription Factors|C0040648|792
32457837|Spleen|C0037993|581
32457837|Prognosis|C0033325|536
32457837|Biomarkers, Tumor|C0041366|392
32457837|Mutation|C0026882|389
32457837|DNA-Binding Proteins|C0012940|136
32457837|Endonucleases|C0014230|84
32457837|USP24 protein, human|C1742198|1000
32457837|Ubiquitin Thiolesterase|C0164005|1000
32445275|Humans|C0086418|436100
32445275|Male|C0086582|436100
32445275|Schinzel-Giedion syndrome|C0265227|435100
32445275|Intellectual Disability|C3714756|297624
32445275|Hand Deformities, Congenital|C0018566|435099
32445275|Nails, Malformed|C0027344|427461
32445275|Craniofacial Abnormalities|C0376634|319956
32445275|Abnormalities, Multiple|C0000772|268284
32445275|SETBP1 protein, human|C1309881|94342
32445275|Carrier Proteins|C0007292|94341
32445275|Nuclear Proteins|C0028589|89391
32445275|Genes, Regulator|C0017362|3555
32445275|Phenotype|C0031437|2490
32445275|Face|C0015450|1751
32445275|Heterozygote|C0019425|1717
32445275|Mutation|C0026882|1223
32445275|Exons|C0015295|985
32345733|Child|C0008059|105202
32345733|Humans|C0086418|105202
32345733|Female|C0086287|105202
32345733|Speech|C0037817|46358
32345733|Speech Disorders|C0037822|104202
32345733|Apraxias|C0003635|18966
32345733|Communication|C0009452|45
32345733|Genetic Testing|C0679560|21
32345733|Neurobiology|C0027817|19
32345733|Genetic Association Studies|C2717878|1000
32324324|Child|C0008059|17948
32324324|Humans|C0086418|17948
32324324|Child, Preschool|C0008100|17948
32324324|Male|C0086582|17948
32324324|Female|C0086287|17948
32324324|Adolescent|C0205653|1000
32324324|Word Processing|C0043226|16948
32324324|Genome-Wide Association Study|C2350277|1472
32324324|Language|C0023008|5934
32324324|Language Development Disorders|C0023014|1514
32324324|Child Language|C0008081|1143
32324324|Electroencephalography|C0013819|746
32324324|Brain|C0006104|622
32324324|Genes, Regulator|C0017362|570
32324324|Polymorphism, Single Nucleotide|C0752046|307
32324324|SETBP1 protein, human|C1309881|163
32324324|Nuclear Proteins|C0028589|160
32608971|Humans|C0086418|97599
32608971|Ferritins|C0015879|96599
32608971|Kinetics|C0022702|9722
32608971|Iron|C0302583|9986
32608971|Nuclear Receptor Coactivators|C2717930|4108
32608971|Lysosomes|C0024369|3118
32608971|Phagosomes|C0031310|2260
32608971|Autophagy|C0004391|1611
32608971|Transcription Factors|C0040648|1515
32608971|Erythropoiesis|C0014819|1209
32608971|Autophagosomes|C3887595|636
32608971|Homeostasis|C0019868|533
32608971|Thermodynamics|C0039808|426
32608971|Apoferritins|C0003590|425
32608971|NCOA4 protein, human|C0673019|1000
32606852|Animals|C0003062|6064
32606852|Ferroptosis|C4236737|1415
32606852|Hypoglycemic Agents|C0020616|5064
32606852|Morus|C0330540|4755
32606852|Blood Glucose|C0005802|698
32606852|Diabetes Mellitus, Experimental|C0011853|532
32606852|Homeostasis|C0019868|348
32606852|Plant Extracts|C0032081|271
32606852|Fruit|C0016767|177
32606852|Inhibition, Psychological|C0021467|150
32283200|Mice|C0026809|96516
32283200|Male|C0086582|96516
32283200|Animals|C0003062|96516
32283200|Diet, High-Fat|C0521974|95516
32283200|Insulin Resistance|C0021655|60772
32283200|Endoplasmic Reticulum Stress|C3178870|24994
32283200|Glycogen Synthase Kinase 3|C0244989|7426
32283200|Liver|C0023884|12621
32283200|Fatty Liver|C0015695|9308
32283200|Hep G2 Cells|C2717940|1232
32283200|Signal Transduction|C0037083|610
32283200|Mice, Inbred C57BL|C0025921|605
32283200|Diet, Fat-Restricted|C0242970|359
32283200|NcoA4 protein, mouse|C1698855|1000
32283200|Nuclear Receptor Coactivators|C2717930|1000
32256964|Humans|C0086418|15822
32256964|Epithelial-Mesenchymal Transition|C1523298|14822
32256964|Tumor Suppressor Protein p53|C0080055|1389
32256964|Reactive Oxygen Species|C0162772|1366
32256964|di-n-propyldithiocarbamate|C0635688|6799
32256964|Ditiocarb|C0012194|6798
32256964|Ferritins|C0015879|704
32256964|Epithelial Cells|C0014597|590
32256964|Cell Line, Tumor|C0085983|456
32256964|Lysosomes|C0024369|448
32256964|Cell Movement|C1621968|439
32256964|Hep G2 Cells|C2717940|309
32256964|Epithelium|C0014609|257
32256964|Stomach Neoplasms|C0038356|231
32186434|Animals|C0003062|9100
32186434|Humans|C0086418|9100
32186434|DNA, Mitochondrial|C0012929|8100
32186434|Mitochondria|C0026237|7632
32186434|Autophagic Cell Death|C1326207|4008
32186434|Autophagy|C0004391|2507
32186434|Apoptosis|C0162638|1446
32186434|Cell Death|C0007587|1383
32186434|Ferritins|C0015879|801
32186434|Iron|C0302583|795
32186434|Lipid Peroxidation|C0023775|732
32186434|Reactive Oxygen Species|C0162772|661
32186434|Ferroptosis|C4236737|534
32186434|Pancreatic Neoplasms|C0030297|524
32186434|Precipitating Factors|C0032930|453
32186434|Zalcitabine|C0012132|301
32162306|Humans|C0086418|120148
32162306|Colorectal Neoplasms|C0009404|119148
32162306|Adenoma|C0001430|49203
32162306|Colonic Polyps|C0009376|37135
32162306|Adenomatous Polyps|C0206677|14604
32162306|Colonic Neoplasms|C0009375|12165
32162306|Mutation|C0026882|2978
32162306|Carcinogenesis|C0596263|2609
32162306|Carcinoma|C0007097|2448
32162306|Protein-Tyrosine Kinases|C0033681|1000
32162306|Ireland|C0022067|0
32162306|United Kingdom|C0041700|0
32107334|Mice|C0026809|53026
32107334|Animals|C0003062|53026
32107334|Erythropoiesis|C0014819|52026
32107334|Mice, Inbred C57BL|C0025921|143
32107334|Ferritins|C0015879|10181
32107334|Iron|C0302583|6234
32107334|Macrophages|C0024432|4731
32107334|Anemia|C0002871|3697
32107334|Nuclear Receptor Coactivators|C2717930|2677
32107334|Transcription Factors|C0040648|1401
32107334|Lysosomes|C0024369|1179
32107334|Autophagy|C0004391|743
32107334|Spleen|C0037993|449
32107334|Leukocyte Count|C0023508|402
32107334|Anemia, Iron-Deficiency|C0162316|400
32107334|NcoA4 protein, mouse|C1698855|1000
31880208|Mice|C0026809|39421
31880208|Animals|C0003062|39421
31880208|Ameloblasts|C0002449|38421
31880208|Incisor|C0021156|6411
31880208|Iron|C0302583|4365
31880208|Amelogenesis|C0002451|2490
31880208|Aging|C0001811|2199
31880208|Body Weights and Measures|C0005912|387
31880208|Bodily Secretions|C0036537|33
31880208|Atg7 protein, mouse|C1610785|1000
31880208|Autophagy-Related Protein 7|C4255232|1000
31715421|Humans|C0086418|43199
31715421|Middle Aged|C0205847|43199
31715421|Female|C0086287|43199
31715421|Carcinoma, Non-Small-Cell Lung|C0007131|42199
31715421|Lung Neoplasms|C0024121|10835
31715421|cabozantinib|C3181682|15433
31715421|Pyridines|C0034255|15432
31715421|Protein Kinase Inhibitors|C1449702|8705
31715421|Proto-Oncogene Proteins c-ret|C0072479|8514
31715421|regorafenib|C2980094|7625
31715421|Adenocarcinoma|C0001418|5871
31715421|Anilides|C0003035|3348
31715421|Phenylurea Compounds|C0031506|2924
31715421|Thyroid Cancer, Papillary|C0238463|2085
31715421|Mutation|C0026882|2028
31715421|ponatinib|C2987417|2011
31715421|Pyridazines|C0034250|2010
31715421|Thyroid Neoplasms|C0040136|1925
31715421|N-(4-bromo-2-fluorophenyl)-6-methoxy-7-((1-methylpiperidin-4-yl)methoxy)quinazolin-4-amine|C1121849|1919
31715421|Piperidines|C0031960|1918
31715421|Small Cell Lung Carcinoma|C0149925|1775
31697865|Adult|C0001675|81770
31697865|Humans|C0086418|81770
31697865|Carcinoma, Intraductal, Noninfiltrating|C0007124|80770
31697865|Neoplasm Recurrence, Local|C0027643|1000
31697865|Salivary Glands|C0036098|8805
31697865|Salivary Gland Neoplasms|C0036095|8038
31697865|Biomarkers, Tumor|C0041366|677
31697865|In Situ Hybridization, Fluorescence|C0162789|566
31697865|Proto-Oncogene Proteins c-ret|C0072479|507
31697865|Oxyphil Cells|C0949666|302
31697865|MAML3 protein, human|C1174310|1000
31697865|DNA-Binding Proteins|C0012940|1000
31697865|Nuclear Proteins|C0028589|1000
31697865|Transcription Factors|C0040648|1000
32284542|Humans|C0086418|32625
32284542|Female|C0086287|32625
32284542|FBXW7 protein, human|C0755295|31625
32284542|F-Box-WD Repeat-Containing Protein 7|C4477272|31624
32284542|Triple Negative Breast Neoplasms|C3539878|25279
32284542|Biological Phenomena|C0005520|4434
32284542|Neoplastic Processes|C0027671|3543
32284542|Carrier Proteins|C0007292|1935
32284542|Cell Proliferation|C0596290|525
32284542|Cell Line, Tumor|C0085983|393
32284542|Signal Transduction|C0037083|376
32284542|Lung Neoplasms|C0024121|275
32284542|Transcription Factors|C0040648|241
32284542|Ubiquitin|C0041538|228
32284542|Interferons|C0021747|50
32284542|Tumor Microenvironment|C2936626|1000
32284542|ELF5 protein, human|C1431597|1000
32284542|Proto-Oncogene Proteins c-ets|C0072461|1000
32269277|Animals|C0003062|21723
32269277|Goats|C1510458|20723
32269277|Gene Expression Profiling|C0752248|9048
32269277|Hair Follicle|C0221971|3030
32269277|Skin|C1123023|2730
32269277|Transcriptome|C3178810|1062
32269277|Gene Regulatory Networks|C1720950|144
32269277|Metabolic Networks and Pathways|C1721099|108
32269277|Organogenesis|C0242290|85
32269277|Domestication|C0175819|68
32213656|Pregnancy|C0032961|23903
32213656|Mice|C0026809|23903
32213656|Female|C0086287|23903
32213656|Animals|C0003062|23903
32213656|Milk|C0026131|3093
32213656|SCRIB protein, human|C1433827|22903
32213656|Tumor Suppressor Proteins|C0597611|22902
32213656|Membrane Proteins|C0025252|19911
32213656|Organogenesis|C0242290|5982
32213656|Mammary Glands, Animal|C0024659|3399
32213656|Transcription Factors|C0040648|3177
32213656|Epithelial Cells|C0014597|1913
32213656|Epithelium|C0014609|1240
32213656|JAK2 protein, human|C1527617|1077
32213656|Janus Kinase 2|C0169661|1076
32213656|Cell Differentiation|C0007589|448
32213656|Receptors, Progesterone|C0034833|433
32213656|Signal Transduction|C0037083|425
32213656|Down-Regulation|C0013081|401
32213656|Gene Expression Regulation|C0017263|290
32213656|scribble protein, mouse|C1701465|1000
32213656|Intracellular Signaling Peptides and Proteins|C1449791|1000
32196521|Adult|C0001675|228941
32196521|Female|C0086287|228941
32196521|Humans|C0086418|228941
32196521|Neoadjuvant Therapy|C0600558|140004
32196521|taxane|C0215136|227941
32196521|Taxoids|C1257832|227940
32196521|Bridged-Ring Compounds|C0006174|155205
32196521|Prognosis|C0033325|2431
32196521|Antineoplastic Combined Chemotherapy Protocols|C0003393|1751
32196521|Biomarkers|C0005516|1638
32196521|ROC Curve|C0035787|1382
32196521|Rare Diseases|C0678236|510
32196521|Cohort Studies|C0009247|485
32096174|Humans|C0086418|286567
32096174|Female|C0086287|286567
32096174|Epithelial-Mesenchymal Transition|C1523298|46215
32096174|Carcinoma, Ovarian Epithelial|C4721610|285567
32096174|Ovarian Neoplasms|C0919267|39744
32096174|CDH1 protein, human|C1739912|4993
32096174|Cadherins|C0006631|4992
32096174|Snail Family Transcription Factors|C1563387|3874
32096174|WWOX protein, human|C1450179|3521
32096174|WW Domain-Containing Oxidoreductase|C4319717|3520
32096174|Neoplasm Invasiveness|C0027626|1605
32096174|Transcription Factors|C0040648|1518
32096174|Gene Expression Regulation, Neoplastic|C0017268|1032
32096174|Cell Line, Tumor|C0085983|903
32096174|Cell Movement|C1621968|735
32096174|Antigens, CD|C0003322|648
32096174|Tumor Suppressor Proteins|C0597611|426
32096174|Up-Regulation|C0041904|396
32096174|ELF5 protein, human|C1431597|1000
32096174|Proto-Oncogene Proteins c-ets|C0072461|1000
32056544|Animals|C0003062|34072
32056544|Trophoblasts|C0041178|27773
32056544|Embryonic Stem Cells|C0596508|33072
32056544|Cell Lineage|C0282637|2013
32056544|Blastocyst|C1281743|1391
32056544|Cell Differentiation|C0007589|1063
32056544|Zygote|C0043544|449
32056544|Epigenesis, Genetic|C1257873|260
31993168|Camellia|C0543468|0
31966058|Female|C0086287|292516
31966058|Humans|C0086418|292516
31966058|Middle Aged|C0205847|292516
31966058|Carcinoma, Ovarian Epithelial|C4721610|291516
31966058|Ovarian Neoplasms|C0919267|38283
31966058|Epithelial-Mesenchymal Transition|C1523298|32925
31966058|Snail Family Transcription Factors|C1563387|3554
31966058|WWOX protein, human|C1450179|3431
31966058|WW Domain-Containing Oxidoreductase|C4319717|3430
31966058|Cadherins|C0006631|3110
31966058|Vimentin|C0042666|2365
31966058|Prognosis|C0033325|1648
31966058|Transcription Factors|C0040648|756
31966058|Lymphatic Metastasis|C0024232|548
31966058|Tumor Suppressor Proteins|C0597611|510
31966058|ELF5 protein, human|C1431597|1000
31966058|Proto-Oncogene Proteins c-ets|C0072461|1000
31895944|Humans|C0086418|237757
31895944|Female|C0086287|237757
31895944|Receptors, Estrogen|C0034804|236757
31895944|Hepatocyte Nuclear Factor 3-alpha|C0082859|20847
31895944|Estrogens|C0014939|7071
31895944|Estrogen Receptor alpha|C0665341|6326
31895944|Cell Line, Tumor|C0085983|2400
31895944|Gene Expression Regulation, Neoplastic|C0017268|2094
31895944|Drug Resistance, Neoplasm|C0282588|1849
31895944|Rare Diseases|C0678236|630
31895944|ELF5 protein, human|C1431597|1000
31895944|Proto-Oncogene Proteins c-ets|C0072461|1000
31861377|Humans|C0086418|104843
31861377|Middle Aged|C0205847|104843
31861377|Male|C0086582|104843
31861377|Female|C0086287|104843
31861377|Aged, 80 and over|C0001795|104843
31861377|Carcinoma, Renal Cell|C0007134|103843
31861377|Kidney Neoplasms|C0022665|10555
31861377|Prognosis|C0033325|3230
31861377|Gene Expression Profiling|C0752248|683
31861377|Biomarkers, Tumor|C0041366|628
31861377|Gene Expression Regulation, Neoplastic|C0017268|594
31861377|Genome|C0017428|560
31861377|Muscle Hypertonia|C0026826|537
31861377|Kaplan-Meier Estimate|C1720943|364
31861377|Nephrons|C0027713|362
31861377|Research|C0035168|117
32493795|Mice|C0026809|13960
32493795|Animals|C0003062|13960
32493795|Humans|C0086418|13960
32493795|Hearing|C0018767|12960
32493795|Sensation|C0036658|3501
32493795|Disease Models, Animal|C0012644|1062
32493795|Gene Editing|C4277689|1047
32493795|CRISPR-Cas Systems|C3658355|627
32493795|Point Mutation|C0162735|398
32493795|Mutation|C0026882|301
32493795|Genetic Therapy|C3489705|249
32493795|Alleles|C0002085|243
32371604|Animals|C0003062|5661
32371604|Stereocilia|C0230626|4661
32371604|Hair Cells, Auditory|C0018496|3098
32371604|Mechanotransduction, Cellular|C1138568|1631
32371604|Membrane Proteins|C0025252|566
32371604|Zebrafish|C0043457|318
32371604|Mutation|C0026882|245
32343945|Animals|C0003062|89536
32343945|Humans|C0086418|89536
32343945|Mechanotransduction, Cellular|C1138568|7574
32343945|Hair Cells, Auditory|C0018496|88536
32343945|Mammals|C0024660|2895
32343945|Membrane Proteins|C0025252|778
32343945|Mutation|C0026882|588
32343945|Biophysical Phenomena|C2350452|388
32343945|Calcium|C0006675|310
32325031|Animals|C0003062|17309
32325031|ANK2 protein, human|C1452342|16309
32325031|Ankyrins|C0051926|16308
32325031|Mechanotransduction, Cellular|C1138568|3455
32325031|Cytoplasm|C0010834|2118
32325031|Mechanoreceptors|C0025032|2061
32325031|Caenorhabditis elegans|C0162610|1566
32325031|Drosophila Proteins|C0949989|1093
32325031|Transient Receptor Potential Channels|C1563722|737
32325031|Touch|C0702221|690
32325031|Neurons|C0027882|614
32325031|Touch Perception|C2350522|376
32325031|Hearing|C0018767|328
32325031|TMC-1 protein, C elegans|C3660317|1000
32325031|Ion Channels|C0022009|1000
32225107|Humans|C0086418|67378
32225107|RNA Splicing|C0035687|66378
32225107|Exons|C0015295|62712
32225107|RNA Splice Sites|C0887916|5423
32225107|Introns|C0021920|2820
32225107|RNA Precursors|C0035682|2776
32225107|Problem Solving|C0033211|498
32225107|Mutation|C0026882|435
32225107|Recognition, Psychology|C0524637|189
32219816|Humans|C0086418|4111
32219816|Pedigree|C0030761|348
32219816|High-Throughput Nucleotide Sequencing|C2936621|300
32219816|Deafness|C0011053|282
32219816|Sequence Analysis, DNA|C0162802|274
32219816|Genetic Variation|C0042333|262
32219816|Mutation|C0026882|218
32219816|Genetic Predisposition to Disease|C0314657|214
32219816|Connexins|C0110611|200
32219816|China|C0008115|4
32167554|Humans|C0086418|46492
32167554|Mice|C0026809|46492
32167554|Animals|C0003062|46492
32167554|Zebrafish|C0043457|45492
32167554|Mechanotransduction, Cellular|C1138568|7417
32167554|TYRP1 protein, human|C1455498|26842
32167554|Membrane Glycoproteins|C0025248|26841
32167554|Hearing|C0018767|25383
32167554|Hair Cells, Auditory|C0018496|11569
32167554|Stereocilia|C0230626|7120
32167554|Hearing Tests|C0018786|5886
32167554|Lateral Line System|C1720970|4331
32167554|Deafness|C0011053|3321
32167554|Membrane Proteins|C0025252|2358
32167554|Hearing Loss, Sensorineural|C0018784|2060
32167554|IgA receptor|C0063344|922
32167554|Mutation|C0026882|537
32167554|TMC1 protein, human|C1257638|1000
32167554|TMC1 protein, mouse|C1742143|1000
32152768|Mice|C0026809|36080
32152768|Animals|C0003062|36080
32152768|Animals, Newborn|C0003065|2817
32152768|gentamicin B|C0061208|35080
32152768|Gentamicins|C0017436|35079
32152768|Hair Cells, Auditory, Inner|C0018497|6867
32152768|Hair Cells, Auditory|C0018496|6088
32152768|Mechanotransduction, Cellular|C1138568|1198
32152768|Aminoglycosides|C0002556|1160
32152768|Ion Channels|C0022009|948
32152768|Anti-Bacterial Agents|C0279516|641
32152768|Sensation|C0036658|579
32152768|Membrane Proteins|C0025252|559
32152768|Hair|C0018494|378
32152768|Mutation|C0026882|237
32152768|Piezo2 protein, mouse|C2976496|1000
32048492|Humans|C0086418|28162
32048492|Male|C0086582|28162
32048492|Female|C0086287|28162
32048492|Deafness|C0011053|27162
32048492|Hearing Loss, Sensorineural|C0018784|12909
32048492|DFNA3 protein, human|C4283927|12779
32048492|Connexins|C0110611|12778
32048492|Connexin 26|C0163742|9197
32048492|Cochlear Implants|C0009199|2318
32048492|Jews|C0022389|1111
32048492|Mutation|C0026882|765
32048492|Cochlear Implantation|C0302559|388
32048492|Judaism|C0022422|318
32048492|Israel|C0022271|1
32009898|Mice|C0026809|6585
32009898|Animals|C0003062|6585
32009898|Mechanotransduction, Cellular|C1138568|1312
32009898|Stereocilia|C0230626|5585
32009898|Hair Cells, Auditory|C0018496|4840
32009898|Hair Cells, Auditory, Inner|C0018497|1487
32009898|Zebrafish|C0043457|623
32009898|Membrane Proteins|C0025252|403
32009898|Vestibule, Labyrinth|C1735318|164
32009898|Pcdh15 protein, mouse|C0963545|1000
32009898|Protein Precursors|C0033665|1000
32009898|Cadherins|C0006631|1000
32009898|PCDH15 protein, zebrafish|C1566575|1000
32009898|Zebrafish Proteins|C0969748|1000
31624143|poly(beta-D-mannuronate) lyase|C0051154|82100
31624143|Polysaccharide-Lyases|C0032593|82099
31624143|Hexuronic Acids|C0019496|1818
31624143|Alginates|C0002040|1139
31624143|Uronic Acids|C0042081|927
31624143|Substrate Specificity|C0038592|320
31624143|Glucuronic Acid|C0061444|284
31624143|Cloning, Molecular|C0009017|274
31624143|Hydrogen-Ion Concentration|C0020283|238
31624143|Seaweed|C0036500|220
31624143|Amino Acid Sequence|C0002518|214
31624143|Databases, Genetic|C0872179|186
31624143|Bacterial Proteins|C0004627|174
31448186|Animals|C0003062|44374
31448186|DNA polymerase zeta|C0966147|43374
31448186|Catalytic Domain|C0600499|21365
31448186|DNA-Directed DNA Polymerase|C0012892|43373
31448186|Saccharomyces cerevisiae Proteins|C0949987|785
31448186|Palaemonidae|C0998223|123
31426338|Animals|C0003062|3439
31426338|Palaemonidae|C0998223|2439
31426338|Protein Isoforms|C0597298|1524
31426338|SMN Complex Proteins|C2350424|168
31426338|Phylogeny|C0031797|106
31426338|Genetic Variation|C0042333|96
28194945|Petroleum|C0031264|45248
28194945|Gas Chromatography-Mass Spectrometry|C0024868|1829
28194945|Hydrocarbons|C0020242|1655
28194945|Hydrocarbons, Aromatic|C0020245|804
28194945|Chromatography, Liquid|C0008565|314
28194945|Chemical Fractionation|C0016640|251
28194945|Sulfur|C0038774|227
28194945|Nitrogen|C0028158|209
28194945|naphthenic acid|C0068418|93
28194945|Carboxylic Acids|C0007066|92
28194945|Alaska|C0001905|0
28094156|Water Pollutants, Chemical|C0043054|35141
28094156|Heavy Metal Poisoning|C0274869|17484
28094156|Metals, Heavy|C0347988|16387
28094156|Charcoal|C0007955|4073
28094156|Chromium|C0008574|3229
28094156|Refuse Disposal|C0034962|3126
28094156|Ultrafiltration|C0041612|2580
28094156|Bioreactors|C0376432|2192
28094156|Soil Pollutants|C0037594|1744
28094156|Trace Elements|C0040577|1612
28094156|Nitrogen|C0028158|1474
28094156|Nickel|C0028013|1268
27837974|Cattle|C0007452|144656
27837974|Animals|C0003062|144656
27837974|Female|C0086287|144656
27837974|Male|C0086582|144656
27837974|Genotype|C0017431|26268
27837974|Genome|C0017428|88674
27837974|Breeding|C0006159|58925
27837974|Genomics|C0887950|56283
27837974|Phenotype|C0031437|11700
27837974|Pedigree|C0030761|10332
27837974|Milk|C0026131|5856
27837974|Quantitative Trait, Heritable|C0524868|5620
27837974|Models, Genetic|C0026343|3925
27837974|Polymorphism, Single Nucleotide|C0752046|949
27837974|Records|C0034869|108
27837974|England|C0014282|0
27837974|Guernsey|C0018370|0
27179857|Cattle|C0007452|74137
27179857|Animals|C0003062|74137
27179857|Female|C0086287|74137
27179857|Male|C0086582|74137
27179857|United States|C0041703|74137
27179857|United Kingdom|C0041700|19502
27179857|Guernsey|C0018370|8914
27179857|Reproducibility of Results|C0035149|8747
27179857|Canada|C0006823|71
27179857|Genome|C0017428|73137
27179857|Breeding|C0006159|72345
27179857|Genomics|C0887950|39777
27179857|Genotype|C0017431|5821
27179857|Phenotype|C0031437|4947
27179857|Models, Genetic|C0026343|1707
27179857|Haplotypes|C0018591|1359
27179857|Polymorphism, Single Nucleotide|C0752046|1200
27179857|North America|C0028405|1170
27179857|Mammary Glands, Animal|C0024659|1078
27179857|Fertility|C0015895|928
26931652|Cryoelectron Microscopy|C0597705|64777
26931652|Macromolecular Substances|C1449655|4657
26931652|Negative Staining|C0085194|718
26931652|Molecular Biology|C0026376|660
26931652|Microscopy, Electron, Transmission|C0678118|411
26931652|Image Processing, Computer-Assisted|C0020911|358
26931652|Software|C0037585|270
26931652|Specimen Handling|C0037793|207
26931652|Eukaryotic Cells|C0015161|184
26931652|Diagnostic Tests, Routine|C0011930|78
26365535|Cytoplasmic Dyneins|C1180334|179115
26365535|Cryoelectron Microscopy|C0597705|12010
26365535|Dictyostelium|C0012120|11130
26365535|Microtubules|C0026046|34818
26365535|Dyneins|C0013352|34378
26365535|Kinesin|C0085139|2439
26365535|Protein Conformation|C0033625|1318
26365535|Saccharomyces cerevisiae|C0036025|608
26365535|Cytoplasm|C0010834|606
26365535|Models, Molecular|C0026344|590
26365535|Myosins|C0027096|565
26365535|Adenosine Triphosphate|C0001480|450
26365535|Protein Binding|C0033618|273
23577162|Animals|C0003062|15140
23577162|Penaeidae|C0998216|14140
23577162|Intestines|C0021853|8508
23577162|Bacteria|C0004611|1528
23577162|Aquaculture|C0206225|1340
23577162|Gammaproteobacteria|C0751988|791
23577162|Phylogeny|C0031797|404
23577162|Sequence Analysis, DNA|C0162802|397
23577162|Morphogenesis|C0026559|339
23577162|Real-Time Polymerase Chain Reaction|C1709846|318
32555178|Humans|C0086418|21295
32555178|Mice|C0026809|21295
32555178|Female|C0086287|21295
32555178|Animals|C0003062|21295
32555178|Apoptosis|C0162638|20295
32555178|Endometrial Neoplasms|C0014170|19638
32555178|RNA, Long Noncoding|C3494264|11590
32555178|Neoplastic Processes|C0027671|11340
32555178|Disease Progression|C0242656|9987
32555178|Cell Proliferation|C0596290|7035
32555178|Endometrium|C0014180|6195
32555178|Neoplasm Invasiveness|C0027626|2898
32555178|Gene Expression Regulation, Neoplastic|C0017268|2772
32555178|MicroRNAs|C1101610|2521
32555178|Cell Nucleus|C0007610|1878
32555178|Down-Regulation|C0013081|1747
32555178|Cell Movement|C1621968|1401
32555178|Biological Phenomena|C0005520|441
32555178|FUBP1 protein, human|C1452621|1000
32555178|DNA-Binding Proteins|C0012940|1000
32555178|RNA-Binding Proteins|C0085177|1000
32481602|Humans|C0086418|3808
32481602|Cell Survival|C0007620|2808
32481602|DNA Helicases|C0920283|1699
32481602|Cell Division|C0007590|1275
32481602|RNA-Binding Proteins|C0085177|1125
32481602|Proto-Oncogene Proteins c-myc|C0080065|825
32481602|Carcinogenesis|C0596263|738
32481602|Cell Proliferation|C0596290|403
32481602|Gene Expression Regulation, Neoplastic|C0017268|374
32481602|Oncogenes|C0029016|347
32481602|Cell Line, Tumor|C0085983|302
32481602|Down-Regulation|C0013081|274
32481602|Biomarkers, Tumor|C0041366|258
32481602|FUBP1 protein, human|C1452621|1000
32481602|DNA-Binding Proteins|C0012940|1000
32433053|Humans|C0086418|187737
32433053|RNA, Long Noncoding|C3494264|186737
32433053|MicroRNAs|C1101610|88294
32433053|Up-Regulation|C0041904|76690
32433053|RNA, Small Nucleolar|C0751969|17965
32433053|FUBP1 protein, human|C1452621|74095
32433053|RNA-Binding Proteins|C0085177|74094
32433053|DNA-Binding Proteins|C0012940|42612
32433053|Pancreatic Neoplasms|C0030297|24996
32433053|Transcriptional Activation|C0162493|16611
32433053|Gene Expression Regulation, Neoplastic|C0017268|3703
32433053|Cell Proliferation|C0596290|2998
32433053|Cell Movement|C1621968|1866
32433053|Cell Line, Tumor|C0085983|1064
32433053|MIRN26A microRNA, human|C2353006|1000
32339054|Humans|C0086418|79385
32339054|Up-Regulation|C0041904|35630
32339054|FUBP1 protein, human|C1452621|78385
32339054|RNA-Binding Proteins|C0085177|78384
32339054|Transcriptional Activation|C0162493|29208
32339054|Prognosis|C0033325|18045
32339054|Tongue Neoplasms|C0040411|14637
32339054|Squamous Cell Carcinoma of Head and Neck|C1168401|7797
32339054|Proto-Oncogene Proteins c-myc|C0080065|5154
32339054|DNA Helicases|C0920283|2739
32339054|Gene Expression Regulation, Neoplastic|C0017268|1360
32339054|Cell Proliferation|C0596290|1003
32339054|Cell Line, Tumor|C0085983|791
32339054|Biomarkers, Tumor|C0041366|782
32339054|Head and Neck Neoplasms|C0018671|1000
31870915|Humans|C0086418|33784
31870915|Carcinoma, Basal Cell|C4721806|32784
31870915|Skin Neoplasms|C0037286|1161
31587040|Humans|C0086418|328416
31587040|Carcinoma, Hepatocellular|C2239176|327416
31587040|Liver Neoplasms|C0023903|65029
31587040|FUBP1 protein, human|C1452621|27877
31587040|RNA-Binding Proteins|C0085177|27876
31587040|DNA-Binding Proteins|C0012940|25065
31587040|Neoplastic Processes|C0027671|15957
31587040|Epithelial-Mesenchymal Transition|C1523298|12099
31587040|Neoplasm Invasiveness|C0027626|3897
31587040|Gene Expression Regulation, Neoplastic|C0017268|3135
31587040|Hep G2 Cells|C2717940|2177
31587040|Cell Movement|C1621968|2138
31587040|Signal Transduction|C0037083|1854
31587040|Cell Line, Tumor|C0085983|1697
31587040|Transforming Growth Factor beta1|C1704256|1434
31587040|Up-Regulation|C0041904|1114
31587040|Cell Proliferation|C0596290|1095
31587040|Disease Progression|C0242656|654
31553912|Humans|C0086418|76222
31553912|Alternative Splicing|C0002345|30876
31553912|Genes, Tumor Suppressor|C0079427|75222
31553912|Oncogenes|C0029016|69225
31553912|RNA-Binding Proteins|C0085177|1573
31553912|DNA Helicases|C0920283|1200
31553912|Proto-Oncogene Proteins c-myc|C0080065|722
31553912|Cell Proliferation|C0596290|400
31553912|Cell Line, Tumor|C0085983|313
31553912|FUBP1 protein, human|C1452621|1000
31553912|DNA-Binding Proteins|C0012940|1000
31535751|Animals|C0003062|6547
31535751|Clustered Regularly Interspaced Short Palindromic Repeats|C3658200|2463
31535751|Down-Regulation|C0013081|5547
31535751|Period Circadian Proteins|C2717943|4755
31535751|Circadian Rhythm|C0008810|4218
31535751|Circadian Clocks|C2936272|2684
31535751|RNA, Messenger|C0035696|569
31535751|Gene Expression Regulation|C0017263|441
31535751|Mammals|C0024660|208
31511046|Humans|C0086418|77416
31511046|Child|C0008059|77416
31511046|Glycolysis|C0017952|19057
31511046|Neoplasm Recurrence, Local|C0027643|1000
31511046|Neuroblastoma|C0027819|76416
31511046|FUBP1 protein, human|C1452621|49348
31511046|RNA-Binding Proteins|C0085177|49347
31511046|DNA-Binding Proteins|C0012940|45759
31511046|N-Myc Proto-Oncogene Protein|C4255284|14430
31511046|Nuclear Proteins|C0028589|1645
31511046|Gene Expression Regulation, Neoplastic|C0017268|1466
31511046|Biomarkers|C0005516|1188
31511046|Cell Line, Tumor|C0085983|827
31511046|RNA, Messenger|C0035696|546
31511046|Oncogenes|C0029016|433
31511046|Cell Proliferation|C0596290|1000
31467227|Humans|C0086418|4876
31467227|Leukemia|C0023418|3876
31467227|5-Methylcytosine|C0049308|934
31467227|Proto-Oncogene Proteins|C0033712|629
31467227|Dioxygenases|C0599874|531
31467227|DNA Methylation|C0376452|443
31467227|Epigenesis, Genetic|C1257873|383
31467227|DNA-Binding Proteins|C0012940|366
31467227|Ascorbic Acid|C0003968|129
31467227|Mutation|C0026882|94
31467227|Vitamins|C0042890|84
31467227|SLC23A2 protein, human|C1143981|1000
31467227|Sodium-Coupled Vitamin C Transporters|C3178937|1000
32502168|Humans|C0086418|174136
32502168|Mice|C0026809|174136
32502168|Animals|C0003062|174136
32502168|Insulin|C0021641|173136
32502168|Mice, Inbred C57BL|C0025921|3034
32502168|Insulin, Regular, Human|C0795635|103962
32502168|Insulin Secretion|C1256369|13946
32502168|Glucose Tolerance Test|C0017741|11719
32502168|Blood Glucose|C0005802|10606
32502168|Phenotype|C0031437|9210
32502168|Glucose Intolerance|C0271650|6121
32502168|Diabetes Mellitus, Type 2|C0011860|4239
32502168|Glucose|C0017725|4052
32502168|Quantitative Trait Loci|C0597336|2395
32502168|Genetic Linkage|C0023745|1983
32502168|Obesity|C0028754|1322
32502168|Genotype|C0017431|932
32502168|TCERG1 protein, human|C1430971|1000
32502168|Transcriptional Elongation Factors|C1136073|1000
32502168|SLC25A46 protein, human|C3713795|1000
32502168|Mitochondrial Proteins|C0949610|1000
31900673|Humans|C0086418|13585
31900673|Ceramics|C0007742|12585
31900673|Resin Cements|C0376523|1057
31900673|Acid Etching, Dental|C0001100|817
31900673|Materials Testing|C0024914|715
31900673|Cementation|C0007656|617
31900673|Computer-Aided Design|C0162517|412
31900673|Surface Properties|C0038884|293
31900673|Stress, Mechanical|C0038442|232
31834482|Zea mays|C0010028|82520
31834482|Retroelements|C0242850|22001
31834482|Dwarfism|C0013336|4719
31834482|Genes, Plant|C0162728|4204
31834482|Alleles|C0002085|4193
31834482|Seeds|C0036563|2247
31834482|Space Flight|C0037741|2178
31834482|Gene Expression Regulation, Plant|C0242717|1806
31834482|Plant Proteins|C0032089|1752
31834482|Phenotype|C0031437|1256
31834482|Exons|C0015295|836
31791191|Humans|C0086418|56827
31791191|Female|C0086287|56827
31791191|Cell Cycle|C0007586|55827
31791191|Apoptosis|C0162638|37677
31791191|Cell Proliferation|C0596290|11180
31791191|Cell Division|C0007590|8763
31791191|MCF-7 Cells|C0596890|6464
31791191|Cell Movement|C1621968|5274
31791191|Genes, cdc|C0243037|2623
31791191|Cell Line, Tumor|C0085983|2493
31791191|RNA, Small Interfering|C1099354|1759
31791191|Transcription Factors|C0040648|1620
31791191|CCND1 protein, human|C1741716|937
31791191|Cyclin D1|C0174680|936
31791191|Transfection|C0040669|865
31791191|MAPK3 protein, human|C4082284|831
31791191|Mitogen-Activated Protein Kinase 3|C0082529|830
31791191|CDK6 protein, human|C1565313|585
31791191|Cyclin-Dependent Kinase 6|C0252132|584
31791191|Phosphorylation|C0031715|534
31701543|Animals|C0003062|9223
31701543|Humans|C0086418|9223
31701543|Proteostasis Deficiencies|C2718000|8223
31701543|Endoplasmic Reticulum|C0014239|6120
31701543|Unfolded Protein Response|C1155342|5303
31701543|Spinocerebellar Degenerations|C0037952|3859
31701543|Endoplasmic Reticulum Stress|C3178870|3057
31701543|Guanine Nucleotide Exchange Factors|C0120465|2316
31701543|Protein Folding|C0162847|685
31701543|Syndrome|C0039082|669
31701543|Signal Transduction|C0037083|617
30468864|Mice|C0026809|21199
30468864|Animals|C0003062|21199
30468864|Humans|C0086418|21199
30468864|Neuromuscular Junction|C0027869|15621
30468864|Vacuolar myopathy|C2931230|6945
30468864|Muscular Diseases|C0026848|6944
30468864|Spinocerebellar Degenerations|C0037952|3718
30468864|Myopathy, X-Linked, with Excessive Autophagy|C1839615|3453
30468864|Genes, Regulator|C0017362|2178
30468864|Fishes|C0016163|1248
30468864|Cerebellar Ataxia|C0007758|1059
30468864|Guanine Nucleotide Exchange Factors|C0120465|1023
30468864|Phenotype|C0031437|836
30468864|Endoplasmic Reticulum|C0014239|721
30468864|Molecular Chaperones|C0243041|523
30468864|Heat-Shock Proteins|C0018850|508
30468864|Mutation|C0026882|418
30468864|Muscle, Skeletal|C0242692|376
30468864|Genetic Diseases, X-Linked|C1138434|224
30468864|Lysosomal Storage Diseases|C0085078|170
30468864|SIL1 protein, human|C0963367|1000